mode: atomic
github.com/axis-cli/axis/internal/contract/executor/executor.go:32.50,36.2 1 30
github.com/axis-cli/axis/internal/contract/executor/executor.go:39.86,44.59 3 27
github.com/axis-cli/axis/internal/contract/executor/executor.go:44.59,46.3 1 1
github.com/axis-cli/axis/internal/contract/executor/executor.go:48.2,49.12 2 26
github.com/axis-cli/axis/internal/contract/executor/executor.go:53.70,57.2 3 8
github.com/axis-cli/axis/internal/contract/executor/executor.go:60.67,64.2 3 5
github.com/axis-cli/axis/internal/contract/executor/executor.go:68.113,69.59 1 10
github.com/axis-cli/axis/internal/contract/executor/executor.go:69.59,73.3 1 2
github.com/axis-cli/axis/internal/contract/executor/executor.go:75.2,80.14 5 8
github.com/axis-cli/axis/internal/contract/executor/executor.go:80.14,85.16 3 7
github.com/axis-cli/axis/internal/contract/executor/executor.go:85.16,87.22 2 4
github.com/axis-cli/axis/internal/contract/executor/executor.go:87.22,90.5 2 2
github.com/axis-cli/axis/internal/contract/executor/executor.go:94.3,94.15 1 7
github.com/axis-cli/axis/internal/contract/executor/executor.go:94.15,96.4 1 2
github.com/axis-cli/axis/internal/contract/executor/executor.go:99.3,100.17 2 5
github.com/axis-cli/axis/internal/contract/executor/executor.go:100.17,104.4 1 0
github.com/axis-cli/axis/internal/contract/executor/executor.go:105.3,105.67 1 5
github.com/axis-cli/axis/internal/contract/executor/executor.go:105.67,109.4 1 1
github.com/axis-cli/axis/internal/contract/executor/executor.go:110.3,112.9 1 4
github.com/axis-cli/axis/internal/contract/executor/executor.go:115.2,117.8 1 1
github.com/axis-cli/axis/internal/contract/executor/executor.go:121.173,125.41 3 2
github.com/axis-cli/axis/internal/contract/executor/executor.go:125.41,128.17 3 4
github.com/axis-cli/axis/internal/contract/executor/executor.go:128.17,132.4 1 1
github.com/axis-cli/axis/internal/contract/executor/executor.go:134.3,134.30 1 3
github.com/axis-cli/axis/internal/contract/executor/executor.go:134.30,141.38 3 2
github.com/axis-cli/axis/internal/contract/executor/executor.go:141.38,143.12 2 2
github.com/axis-cli/axis/internal/contract/executor/executor.go:143.12,149.14 2 0
github.com/axis-cli/axis/internal/contract/executor/executor.go:151.5,152.23 2 2
github.com/axis-cli/axis/internal/contract/executor/executor.go:152.23,158.14 2 0
github.com/axis-cli/axis/internal/contract/executor/executor.go:160.5,165.7 2 2
github.com/axis-cli/axis/internal/contract/executor/executor.go:167.4,167.12 1 2
github.com/axis-cli/axis/internal/contract/executor/executor.go:170.3,170.25 1 1
github.com/axis-cli/axis/internal/contract/executor/executor.go:170.25,171.68 1 1
github.com/axis-cli/axis/internal/contract/executor/executor.go:171.68,175.5 1 0
github.com/axis-cli/axis/internal/contract/executor/executor.go:176.4,176.59 1 1
github.com/axis-cli/axis/internal/contract/executor/executor.go:180.2,182.66 1 0
github.com/axis-cli/axis/internal/contract/executor/executor.go:186.93,191.13 4 38
github.com/axis-cli/axis/internal/contract/executor/executor.go:191.13,193.3 1 2
github.com/axis-cli/axis/internal/contract/executor/executor.go:195.2,195.33 1 36
github.com/axis-cli/axis/internal/contract/executor/executor.go:195.33,197.3 1 4
github.com/axis-cli/axis/internal/contract/executor/executor.go:199.2,199.52 1 32
github.com/axis-cli/axis/internal/contract/executor/executor.go:199.52,201.32 2 58
github.com/axis-cli/axis/internal/contract/executor/executor.go:201.32,203.4 1 2
github.com/axis-cli/axis/internal/contract/executor/executor.go:205.3,205.13 1 56
github.com/axis-cli/axis/internal/contract/executor/executor.go:205.13,206.77 1 38
github.com/axis-cli/axis/internal/contract/executor/executor.go:206.77,208.5 1 8
github.com/axis-cli/axis/internal/contract/executor/executor.go:210.4,210.27 1 30
github.com/axis-cli/axis/internal/contract/executor/executor.go:210.27,211.85 1 11
github.com/axis-cli/axis/internal/contract/executor/executor.go:211.85,213.6 1 6
github.com/axis-cli/axis/internal/contract/executor/executor.go:218.2,218.12 1 16
github.com/axis-cli/axis/internal/contract/executor/executor.go:222.95,227.13 4 12
github.com/axis-cli/axis/internal/contract/executor/executor.go:227.13,229.3 1 1
github.com/axis-cli/axis/internal/contract/executor/executor.go:231.2,231.34 1 11
github.com/axis-cli/axis/internal/contract/executor/executor.go:231.34,233.3 1 2
github.com/axis-cli/axis/internal/contract/executor/executor.go:235.2,235.53 1 9
github.com/axis-cli/axis/internal/contract/executor/executor.go:235.53,237.32 2 9
github.com/axis-cli/axis/internal/contract/executor/executor.go:237.32,239.4 1 3
github.com/axis-cli/axis/internal/contract/executor/executor.go:241.3,241.13 1 6
github.com/axis-cli/axis/internal/contract/executor/executor.go:241.13,242.77 1 6
github.com/axis-cli/axis/internal/contract/executor/executor.go:242.77,244.5 1 1
github.com/axis-cli/axis/internal/contract/executor/executor.go:246.4,246.27 1 5
github.com/axis-cli/axis/internal/contract/executor/executor.go:246.27,247.85 1 0
github.com/axis-cli/axis/internal/contract/executor/executor.go:247.85,249.6 1 0
github.com/axis-cli/axis/internal/contract/executor/executor.go:254.2,254.12 1 5
github.com/axis-cli/axis/internal/contract/executor/executor.go:258.115,259.22 1 44
github.com/axis-cli/axis/internal/contract/executor/executor.go:260.29,261.35 1 19
github.com/axis-cli/axis/internal/contract/executor/executor.go:261.35,263.4 1 4
github.com/axis-cli/axis/internal/contract/executor/executor.go:264.26,265.32 1 11
github.com/axis-cli/axis/internal/contract/executor/executor.go:265.32,266.36 1 6
github.com/axis-cli/axis/internal/contract/executor/executor.go:266.36,269.5 1 5
github.com/axis-cli/axis/internal/contract/executor/executor.go:270.4,270.71 1 1
github.com/axis-cli/axis/internal/contract/executor/executor.go:272.28,273.36 1 3
github.com/axis-cli/axis/internal/contract/executor/executor.go:273.36,274.32 1 1
github.com/axis-cli/axis/internal/contract/executor/executor.go:274.32,277.5 1 0
github.com/axis-cli/axis/internal/contract/executor/executor.go:278.4,278.73 1 1
github.com/axis-cli/axis/internal/contract/executor/executor.go:280.27,281.33 1 4
github.com/axis-cli/axis/internal/contract/executor/executor.go:281.33,283.4 1 1
github.com/axis-cli/axis/internal/contract/executor/executor.go:284.28,285.34 1 4
github.com/axis-cli/axis/internal/contract/executor/executor.go:285.34,287.4 1 1
github.com/axis-cli/axis/internal/contract/executor/executor.go:288.29,289.43 1 3
github.com/axis-cli/axis/internal/contract/executor/executor.go:289.43,291.4 1 1
github.com/axis-cli/axis/internal/contract/executor/executor.go:293.2,293.12 1 30
github.com/axis-cli/axis/internal/contract/executor/executor.go:297.122,298.19 1 11
github.com/axis-cli/axis/internal/contract/executor/executor.go:299.29,301.10 2 2
github.com/axis-cli/axis/internal/contract/executor/executor.go:301.10,303.4 1 0
github.com/axis-cli/axis/internal/contract/executor/executor.go:304.3,304.43 1 2
github.com/axis-cli/axis/internal/contract/executor/executor.go:304.43,306.4 1 1
github.com/axis-cli/axis/internal/contract/executor/executor.go:307.26,309.10 2 8
github.com/axis-cli/axis/internal/contract/executor/executor.go:309.10,311.43 1 5
github.com/axis-cli/axis/internal/contract/executor/executor.go:311.43,313.66 1 5
github.com/axis-cli/axis/internal/contract/executor/executor.go:313.66,315.6 1 1
github.com/axis-cli/axis/internal/contract/executor/executor.go:316.5,318.38 2 4
github.com/axis-cli/axis/internal/contract/executor/executor.go:318.38,320.6 1 1
github.com/axis-cli/axis/internal/contract/executor/executor.go:321.10,323.5 1 0
github.com/axis-cli/axis/internal/contract/executor/executor.go:325.3,325.40 1 6
github.com/axis-cli/axis/internal/contract/executor/executor.go:325.40,327.4 1 2
github.com/axis-cli/axis/internal/contract/executor/executor.go:328.10,329.108 1 1
github.com/axis-cli/axis/internal/contract/executor/executor.go:331.2,331.12 1 5
github.com/axis-cli/axis/internal/contract/executor/executor.go:335.84,336.25 1 2
github.com/axis-cli/axis/internal/contract/executor/executor.go:336.25,337.17 1 4
github.com/axis-cli/axis/internal/contract/executor/executor.go:337.17,339.4 1 1
github.com/axis-cli/axis/internal/contract/executor/executor.go:341.2,341.14 1 1
github.com/axis-cli/axis/internal/contract/executor/executor.go:345.78,346.25 1 6
github.com/axis-cli/axis/internal/contract/executor/executor.go:346.25,347.36 1 14
github.com/axis-cli/axis/internal/contract/executor/executor.go:347.36,349.4 1 4
github.com/axis-cli/axis/internal/contract/executor/executor.go:351.2,351.14 1 2
github.com/axis-cli/axis/internal/kernel/dispatcher/dispatcher.go:28.115,34.2 1 8
github.com/axis-cli/axis/internal/kernel/dispatcher/dispatcher.go:37.106,45.12 5 7
github.com/axis-cli/axis/internal/kernel/dispatcher/dispatcher.go:45.12,47.10 1 7
github.com/axis-cli/axis/internal/kernel/dispatcher/dispatcher.go:48.21,49.10 1 0
github.com/axis-cli/axis/internal/kernel/dispatcher/dispatcher.go:50.28,51.10 1 1
github.com/axis-cli/axis/internal/kernel/dispatcher/dispatcher.go:52.11,54.18 2 6
github.com/axis-cli/axis/internal/kernel/dispatcher/dispatcher.go:54.18,56.5 1 3
github.com/axis-cli/axis/internal/kernel/dispatcher/dispatcher.go:56.10,58.5 1 3
github.com/axis-cli/axis/internal/kernel/dispatcher/dispatcher.go:62.2,62.9 1 7
github.com/axis-cli/axis/internal/kernel/dispatcher/dispatcher.go:63.27,65.10 1 1
github.com/axis-cli/axis/internal/kernel/dispatcher/dispatcher.go:66.25,67.75 1 0
github.com/axis-cli/axis/internal/kernel/dispatcher/dispatcher.go:68.11,68.11 0 1
github.com/axis-cli/axis/internal/kernel/dispatcher/dispatcher.go:70.3,76.16 2 1
github.com/axis-cli/axis/internal/kernel/dispatcher/dispatcher.go:77.30,78.21 1 3
github.com/axis-cli/axis/internal/kernel/dispatcher/dispatcher.go:79.24,85.9 1 3
github.com/axis-cli/axis/internal/kernel/dispatcher/dispatcher.go:90.88,93.45 2 6
github.com/axis-cli/axis/internal/kernel/dispatcher/dispatcher.go:93.45,95.3 1 2
github.com/axis-cli/axis/internal/kernel/dispatcher/dispatcher.go:97.2,98.16 2 4
github.com/axis-cli/axis/internal/kernel/dispatcher/dispatcher.go:98.16,105.3 1 2
github.com/axis-cli/axis/internal/kernel/dispatcher/dispatcher.go:107.2,112.8 1 2
github.com/axis-cli/axis/internal/kernel/dispatcher/dispatcher.go:116.93,124.64 2 2
github.com/axis-cli/axis/internal/kernel/dispatcher/dispatcher.go:124.64,131.3 1 0
github.com/axis-cli/axis/internal/kernel/dispatcher/dispatcher.go:133.2,136.6 3 2
github.com/axis-cli/axis/internal/kernel/dispatcher/dispatcher.go:136.6,138.17 2 4
github.com/axis-cli/axis/internal/kernel/dispatcher/dispatcher.go:138.17,145.4 1 0
github.com/axis-cli/axis/internal/kernel/dispatcher/dispatcher.go:147.3,147.17 1 4
github.com/axis-cli/axis/internal/kernel/dispatcher/dispatcher.go:148.34,153.10 1 1
github.com/axis-cli/axis/internal/kernel/dispatcher/dispatcher.go:154.31,160.54 1 0
github.com/axis-cli/axis/internal/kernel/dispatcher/dispatcher.go:163.3,163.33 1 3
github.com/axis-cli/axis/internal/kernel/dispatcher/dispatcher.go:163.33,171.4 2 1
github.com/axis-cli/axis/internal/kernel/dispatcher/dispatcher.go:173.3,173.27 1 2
github.com/axis-cli/axis/internal/contract/admission/admission.go:23.86,25.2 1 20
github.com/axis-cli/axis/internal/contract/admission/admission.go:29.72,30.23 1 26
github.com/axis-cli/axis/internal/contract/admission/admission.go:30.23,32.3 1 1
github.com/axis-cli/axis/internal/contract/admission/admission.go:34.2,34.27 1 25
github.com/axis-cli/axis/internal/contract/admission/admission.go:34.27,36.3 1 1
github.com/axis-cli/axis/internal/contract/admission/admission.go:38.2,38.86 1 24
github.com/axis-cli/axis/internal/contract/admission/admission.go:38.86,40.3 1 2
github.com/axis-cli/axis/internal/contract/admission/admission.go:42.2,42.42 1 22
github.com/axis-cli/axis/internal/contract/admission/admission.go:42.42,44.3 1 11
github.com/axis-cli/axis/internal/contract/admission/admission.go:46.2,46.12 1 11
github.com/axis-cli/axis/internal/contract/admission/admission.go:50.47,51.55 1 22
github.com/axis-cli/axis/internal/contract/admission/admission.go:51.55,53.28 2 4
github.com/axis-cli/axis/internal/contract/admission/admission.go:53.28,55.4 1 3
github.com/axis-cli/axis/internal/contract/admission/admission.go:57.2,57.56 1 19
github.com/axis-cli/axis/internal/contract/admission/admission.go:57.56,59.26 2 2
github.com/axis-cli/axis/internal/contract/admission/admission.go:59.26,61.4 1 1
github.com/axis-cli/axis/internal/contract/admission/admission.go:63.2,63.58 1 18
github.com/axis-cli/axis/internal/contract/admission/admission.go:63.58,64.108 1 5
github.com/axis-cli/axis/internal/contract/admission/admission.go:64.108,66.4 1 2
github.com/axis-cli/axis/internal/contract/admission/admission.go:68.2,68.54 1 16
github.com/axis-cli/axis/internal/contract/admission/admission.go:68.54,70.37 2 5
github.com/axis-cli/axis/internal/contract/admission/admission.go:70.37,72.4 1 4
github.com/axis-cli/axis/internal/contract/admission/admission.go:74.2,74.53 1 12
github.com/axis-cli/axis/internal/contract/admission/admission.go:74.53,75.91 1 4
github.com/axis-cli/axis/internal/contract/admission/admission.go:75.91,77.4 1 1
github.com/axis-cli/axis/internal/contract/admission/admission.go:79.2,79.12 1 11
github.com/axis-cli/axis/internal/types/types.go:140.37,141.20 1 2
github.com/axis-cli/axis/internal/types/types.go:141.20,143.3 1 1
github.com/axis-cli/axis/internal/types/types.go:144.2,144.50 1 1
github.com/axis-cli/axis/internal/types/types.go:147.37,149.2 1 2
github.com/axis-cli/axis/internal/types/types.go:151.64,153.2 1 3
github.com/axis-cli/axis/internal/types/types.go:155.86,157.2 1 3
github.com/axis-cli/axis/internal/kernel/scheduler/scheduler.go:40.97,47.2 1 25
github.com/axis-cli/axis/internal/kernel/scheduler/scheduler.go:50.61,54.30 3 40
github.com/axis-cli/axis/internal/kernel/scheduler/scheduler.go:54.30,56.3 1 1
github.com/axis-cli/axis/internal/kernel/scheduler/scheduler.go:59.2,59.108 1 39
github.com/axis-cli/axis/internal/kernel/scheduler/scheduler.go:59.108,61.3 1 1
github.com/axis-cli/axis/internal/kernel/scheduler/scheduler.go:64.2,64.49 1 38
github.com/axis-cli/axis/internal/kernel/scheduler/scheduler.go:64.49,66.3 1 1
github.com/axis-cli/axis/internal/kernel/scheduler/scheduler.go:69.2,81.62 6 37
github.com/axis-cli/axis/internal/kernel/scheduler/scheduler.go:81.62,83.3 1 0
github.com/axis-cli/axis/internal/kernel/scheduler/scheduler.go:85.2,85.12 1 37
github.com/axis-cli/axis/internal/kernel/scheduler/scheduler.go:89.121,93.35 2 47
github.com/axis-cli/axis/internal/kernel/scheduler/scheduler.go:93.35,94.19 1 11
github.com/axis-cli/axis/internal/kernel/scheduler/scheduler.go:94.19,96.4 1 1
github.com/axis-cli/axis/internal/kernel/scheduler/scheduler.go:97.3,97.45 1 10
github.com/axis-cli/axis/internal/kernel/scheduler/scheduler.go:97.45,98.88 1 8
github.com/axis-cli/axis/internal/kernel/scheduler/scheduler.go:98.88,100.5 1 1
github.com/axis-cli/axis/internal/kernel/scheduler/scheduler.go:105.2,106.12 2 45
github.com/axis-cli/axis/internal/kernel/scheduler/scheduler.go:110.53,115.13 4 3
github.com/axis-cli/axis/internal/kernel/scheduler/scheduler.go:115.13,117.3 1 1
github.com/axis-cli/axis/internal/kernel/scheduler/scheduler.go:120.2,120.44 1 2
github.com/axis-cli/axis/internal/kernel/scheduler/scheduler.go:120.44,122.3 1 1
github.com/axis-cli/axis/internal/kernel/scheduler/scheduler.go:125.2,125.28 1 1
github.com/axis-cli/axis/internal/kernel/scheduler/scheduler.go:125.28,126.25 1 1
github.com/axis-cli/axis/internal/kernel/scheduler/scheduler.go:126.25,128.9 2 1
github.com/axis-cli/axis/internal/kernel/scheduler/scheduler.go:133.2,136.52 2 1
github.com/axis-cli/axis/internal/kernel/scheduler/scheduler.go:136.52,138.3 1 0
github.com/axis-cli/axis/internal/kernel/scheduler/scheduler.go:140.2,140.12 1 1
github.com/axis-cli/axis/internal/kernel/scheduler/scheduler.go:144.76,149.13 4 7
github.com/axis-cli/axis/internal/kernel/scheduler/scheduler.go:149.13,151.3 1 1
github.com/axis-cli/axis/internal/kernel/scheduler/scheduler.go:152.2,152.25 1 6
github.com/axis-cli/axis/internal/kernel/scheduler/scheduler.go:156.65,158.16 2 9
github.com/axis-cli/axis/internal/kernel/scheduler/scheduler.go:158.16,160.3 1 1
github.com/axis-cli/axis/internal/kernel/scheduler/scheduler.go:161.2,161.21 1 8
github.com/axis-cli/axis/internal/kernel/scheduler/scheduler.go:161.21,163.3 1 1
github.com/axis-cli/axis/internal/kernel/scheduler/scheduler.go:164.2,164.22 1 7
github.com/axis-cli/axis/internal/kernel/scheduler/scheduler.go:167.78,171.30 3 18
github.com/axis-cli/axis/internal/kernel/scheduler/scheduler.go:171.30,173.3 1 1
github.com/axis-cli/axis/internal/kernel/scheduler/scheduler.go:176.2,177.31 2 17
github.com/axis-cli/axis/internal/kernel/scheduler/scheduler.go:177.31,178.94 1 52
github.com/axis-cli/axis/internal/kernel/scheduler/scheduler.go:178.94,180.4 1 33
github.com/axis-cli/axis/internal/kernel/scheduler/scheduler.go:184.2,184.51 1 17
github.com/axis-cli/axis/internal/kernel/scheduler/scheduler.go:184.51,186.3 1 20
github.com/axis-cli/axis/internal/kernel/scheduler/scheduler.go:188.2,188.42 1 17
github.com/axis-cli/axis/internal/kernel/scheduler/scheduler.go:188.42,190.3 1 6
github.com/axis-cli/axis/internal/kernel/scheduler/scheduler.go:193.2,193.34 1 17
github.com/axis-cli/axis/internal/kernel/scheduler/scheduler.go:193.34,202.63 5 21
github.com/axis-cli/axis/internal/kernel/scheduler/scheduler.go:202.63,206.4 3 0
github.com/axis-cli/axis/internal/kernel/scheduler/scheduler.go:209.2,209.24 1 17
github.com/axis-cli/axis/internal/kernel/scheduler/scheduler.go:214.45,215.26 1 40
github.com/axis-cli/axis/internal/kernel/scheduler/scheduler.go:215.26,217.3 1 28
github.com/axis-cli/axis/internal/kernel/scheduler/scheduler.go:218.2,219.9 2 12
github.com/axis-cli/axis/internal/kernel/scheduler/scheduler.go:219.9,221.3 1 0
github.com/axis-cli/axis/internal/kernel/scheduler/scheduler.go:222.2,223.36 2 12
github.com/axis-cli/axis/internal/kernel/scheduler/scheduler.go:223.36,225.3 1 0
github.com/axis-cli/axis/internal/kernel/scheduler/scheduler.go:226.2,226.10 1 12
github.com/axis-cli/axis/internal/kernel/scheduler/scheduler.go:230.78,231.37 1 36
github.com/axis-cli/axis/internal/kernel/scheduler/scheduler.go:231.37,233.14 2 6
github.com/axis-cli/axis/internal/kernel/scheduler/scheduler.go:233.14,235.4 1 1
github.com/axis-cli/axis/internal/kernel/scheduler/scheduler.go:236.3,236.44 1 5
github.com/axis-cli/axis/internal/kernel/scheduler/scheduler.go:236.44,237.12 1 1
github.com/axis-cli/axis/internal/kernel/scheduler/scheduler.go:239.3,239.47 1 4
github.com/axis-cli/axis/internal/kernel/scheduler/scheduler.go:239.47,241.4 1 2
github.com/axis-cli/axis/internal/kernel/scheduler/scheduler.go:243.2,243.13 1 33
github.com/axis-cli/axis/internal/kernel/scheduler/scheduler.go:247.58,252.33 4 2
github.com/axis-cli/axis/internal/kernel/scheduler/scheduler.go:252.33,254.33 2 2
github.com/axis-cli/axis/internal/kernel/scheduler/scheduler.go:254.33,257.4 2 0
github.com/axis-cli/axis/internal/kernel/scheduler/scheduler.go:258.3,258.27 1 2
github.com/axis-cli/axis/internal/kernel/scheduler/scheduler.go:258.27,260.36 2 0
github.com/axis-cli/axis/internal/kernel/scheduler/scheduler.go:260.36,262.5 1 0
github.com/axis-cli/axis/internal/kernel/scheduler/scheduler.go:264.3,264.24 1 2
github.com/axis-cli/axis/internal/kernel/scheduler/scheduler.go:264.24,266.33 2 0
github.com/axis-cli/axis/internal/kernel/scheduler/scheduler.go:266.33,268.5 1 0
github.com/axis-cli/axis/internal/kernel/scheduler/scheduler.go:270.3,270.37 1 2
github.com/axis-cli/axis/internal/kernel/scheduler/scheduler.go:272.2,272.15 1 2
github.com/axis-cli/axis/internal/kernel/scheduler/scheduler.go:276.66,281.34 4 1
github.com/axis-cli/axis/internal/kernel/scheduler/scheduler.go:281.34,282.34 1 3
github.com/axis-cli/axis/internal/kernel/scheduler/scheduler.go:282.34,284.4 1 1
github.com/axis-cli/axis/internal/kernel/scheduler/scheduler.go:284.9,288.4 3 2
github.com/axis-cli/axis/internal/kernel/scheduler/scheduler.go:290.2,290.15 1 1
github.com/axis-cli/axis/internal/kernel/scheduler/scheduler.go:294.88,299.13 4 15
github.com/axis-cli/axis/internal/kernel/scheduler/scheduler.go:299.13,301.3 1 1
github.com/axis-cli/axis/internal/kernel/scheduler/scheduler.go:303.2,306.16 3 14
github.com/axis-cli/axis/internal/kernel/scheduler/scheduler.go:307.31,308.24 1 4
github.com/axis-cli/axis/internal/kernel/scheduler/scheduler.go:309.57,310.26 1 10
github.com/axis-cli/axis/internal/kernel/scheduler/scheduler.go:314.2,318.57 2 14
github.com/axis-cli/axis/internal/kernel/scheduler/scheduler.go:318.57,320.3 1 0
github.com/axis-cli/axis/internal/kernel/scheduler/scheduler.go:322.2,322.12 1 14
github.com/axis-cli/axis/internal/kernel/sharedlayer/state_store.go:25.46,29.2 1 3
github.com/axis-cli/axis/internal/kernel/sharedlayer/state_store.go:32.77,37.2 4 2
github.com/axis-cli/axis/internal/kernel/sharedlayer/state_store.go:40.73,44.13 4 3
github.com/axis-cli/axis/internal/kernel/sharedlayer/state_store.go:44.13,46.3 1 2
github.com/axis-cli/axis/internal/kernel/sharedlayer/state_store.go:47.2,47.19 1 1
github.com/axis-cli/axis/internal/kernel/sharedlayer/state_store.go:51.56,56.2 4 1
github.com/axis-cli/axis/internal/model/provider/echo.go:8.48,10.2 1 1
github.com/axis-cli/axis/internal/model/provider/echo.go:12.101,14.30 2 1
github.com/axis-cli/axis/internal/model/provider/echo.go:14.30,16.3 1 1
github.com/axis-cli/axis/internal/model/provider/echo.go:17.2,20.44 4 1
github.com/axis-cli/axis/internal/model/provider/mock.go:13.48,15.2 1 9
github.com/axis-cli/axis/internal/model/provider/mock.go:17.101,20.26 1 8
github.com/axis-cli/axis/internal/model/provider/mock.go:20.26,22.26 2 2
github.com/axis-cli/axis/internal/model/provider/mock.go:22.26,31.4 3 1
github.com/axis-cli/axis/internal/model/provider/mock.go:35.2,35.24 1 7
github.com/axis-cli/axis/internal/model/provider/mock.go:35.24,36.71 1 3
github.com/axis-cli/axis/internal/model/provider/mock.go:36.71,38.24 2 2
github.com/axis-cli/axis/internal/model/provider/mock.go:38.24,40.5 1 1
github.com/axis-cli/axis/internal/model/provider/mock.go:41.4,45.10 1 2
github.com/axis-cli/axis/internal/model/provider/mock.go:50.2,51.30 2 5
github.com/axis-cli/axis/internal/model/provider/mock.go:51.30,53.3 1 4
github.com/axis-cli/axis/internal/model/provider/mock.go:54.2,57.44 4 5
github.com/axis-cli/axis/internal/model/provider/registry.go:6.54,7.14 1 3
github.com/axis-cli/axis/internal/model/provider/registry.go:8.14,9.37 1 1
github.com/axis-cli/axis/internal/model/provider/registry.go:10.14,11.37 1 1
github.com/axis-cli/axis/internal/model/provider/registry.go:12.10,13.98 1 1
github.com/axis-cli/axis/internal/kernel/lifecycle/lifecycle.go:25.50,34.2 4 3
github.com/axis-cli/axis/internal/kernel/lifecycle/lifecycle.go:37.69,41.20 4 3
github.com/axis-cli/axis/internal/kernel/lifecycle/lifecycle.go:41.20,43.3 1 3
github.com/axis-cli/axis/internal/kernel/lifecycle/lifecycle.go:44.2,44.16 1 3
github.com/axis-cli/axis/internal/kernel/lifecycle/lifecycle.go:48.69,50.17 2 4
github.com/axis-cli/axis/internal/kernel/lifecycle/lifecycle.go:50.17,53.3 2 1
github.com/axis-cli/axis/internal/kernel/lifecycle/lifecycle.go:54.2,58.9 4 3
github.com/axis-cli/axis/internal/kernel/lifecycle/lifecycle.go:59.17,60.13 1 2
github.com/axis-cli/axis/internal/kernel/lifecycle/lifecycle.go:61.20,62.19 1 1
github.com/axis-cli/axis/internal/kernel/lifecycle/lifecycle.go:67.50,71.2 3 2
github.com/axis-cli/axis/internal/human/executor/executor.go:26.44,30.2 1 6
github.com/axis-cli/axis/internal/human/executor/executor.go:33.102,38.46 3 7
github.com/axis-cli/axis/internal/human/executor/executor.go:38.46,40.3 1 1
github.com/axis-cli/axis/internal/human/executor/executor.go:43.2,49.20 3 6
github.com/axis-cli/axis/internal/human/executor/executor.go:53.84,58.13 4 4
github.com/axis-cli/axis/internal/human/executor/executor.go:58.13,60.3 1 1
github.com/axis-cli/axis/internal/human/executor/executor.go:61.2,61.25 1 3
github.com/axis-cli/axis/internal/human/executor/executor.go:65.96,70.13 4 5
github.com/axis-cli/axis/internal/human/executor/executor.go:70.13,72.3 1 1
github.com/axis-cli/axis/internal/human/executor/executor.go:74.2,74.44 1 4
github.com/axis-cli/axis/internal/human/executor/executor.go:74.44,76.3 1 1
github.com/axis-cli/axis/internal/human/executor/executor.go:78.2,78.16 1 3
github.com/axis-cli/axis/internal/human/executor/executor.go:78.16,81.3 2 1
github.com/axis-cli/axis/internal/human/executor/executor.go:81.8,84.3 2 2
github.com/axis-cli/axis/internal/human/executor/executor.go:86.2,87.12 2 3
github.com/axis-cli/axis/internal/model/tool/bash.go:15.30,15.52 1 7
github.com/axis-cli/axis/internal/model/tool/bash.go:18.34,18.51 1 1
github.com/axis-cli/axis/internal/model/tool/bash.go:21.50,29.2 1 1
github.com/axis-cli/axis/internal/model/tool/bash.go:32.95,34.25 2 4
github.com/axis-cli/axis/internal/model/tool/bash.go:34.25,36.3 1 2
github.com/axis-cli/axis/internal/model/tool/bash.go:37.2,42.20 6 2
github.com/axis-cli/axis/internal/model/tool/bash.go:42.20,43.51 1 1
github.com/axis-cli/axis/internal/model/tool/bash.go:43.51,45.4 1 1
github.com/axis-cli/axis/internal/model/tool/bash.go:45.9,47.4 1 0
github.com/axis-cli/axis/internal/model/tool/bash.go:49.2,52.8 1 2
github.com/axis-cli/axis/internal/model/tool/tool.go:26.30,28.2 1 5
github.com/axis-cli/axis/internal/model/tool/tool.go:31.43,34.44 3 5
github.com/axis-cli/axis/internal/model/tool/tool.go:34.44,36.3 1 1
github.com/axis-cli/axis/internal/model/tool/tool.go:37.2,38.12 2 4
github.com/axis-cli/axis/internal/model/tool/tool.go:42.50,47.2 4 2
github.com/axis-cli/axis/internal/model/tool/tool.go:50.50,54.28 4 2
github.com/axis-cli/axis/internal/model/tool/tool.go:54.28,56.3 1 2
github.com/axis-cli/axis/internal/model/tool/tool.go:57.2,57.13 1 2
github.com/axis-cli/axis/internal/human/executor/executor.go:26.44,30.2 1 6
github.com/axis-cli/axis/internal/human/executor/executor.go:33.102,38.46 3 7
github.com/axis-cli/axis/internal/human/executor/executor.go:38.46,40.3 1 1
github.com/axis-cli/axis/internal/human/executor/executor.go:43.2,49.20 3 6
github.com/axis-cli/axis/internal/human/executor/executor.go:53.84,58.13 4 4
github.com/axis-cli/axis/internal/human/executor/executor.go:58.13,60.3 1 1
github.com/axis-cli/axis/internal/human/executor/executor.go:61.2,61.25 1 3
github.com/axis-cli/axis/internal/human/executor/executor.go:65.96,70.13 4 5
github.com/axis-cli/axis/internal/human/executor/executor.go:70.13,72.3 1 1
github.com/axis-cli/axis/internal/human/executor/executor.go:74.2,74.44 1 4
github.com/axis-cli/axis/internal/human/executor/executor.go:74.44,76.3 1 1
github.com/axis-cli/axis/internal/human/executor/executor.go:78.2,78.16 1 3
github.com/axis-cli/axis/internal/human/executor/executor.go:78.16,81.3 2 1
github.com/axis-cli/axis/internal/human/executor/executor.go:81.8,84.3 2 2
github.com/axis-cli/axis/internal/human/executor/executor.go:86.2,87.12 2 3
github.com/axis-cli/axis/internal/contract/executor/executor.go:32.50,36.2 1 30
github.com/axis-cli/axis/internal/contract/executor/executor.go:39.86,44.59 3 27
github.com/axis-cli/axis/internal/contract/executor/executor.go:44.59,46.3 1 1
github.com/axis-cli/axis/internal/contract/executor/executor.go:48.2,49.12 2 26
github.com/axis-cli/axis/internal/contract/executor/executor.go:53.70,57.2 3 8
github.com/axis-cli/axis/internal/contract/executor/executor.go:60.67,64.2 3 5
github.com/axis-cli/axis/internal/contract/executor/executor.go:68.113,69.59 1 10
github.com/axis-cli/axis/internal/contract/executor/executor.go:69.59,73.3 1 2
github.com/axis-cli/axis/internal/contract/executor/executor.go:75.2,80.14 5 8
github.com/axis-cli/axis/internal/contract/executor/executor.go:80.14,85.16 3 7
github.com/axis-cli/axis/internal/contract/executor/executor.go:85.16,87.22 2 4
github.com/axis-cli/axis/internal/contract/executor/executor.go:87.22,90.5 2 2
github.com/axis-cli/axis/internal/contract/executor/executor.go:94.3,94.15 1 7
github.com/axis-cli/axis/internal/contract/executor/executor.go:94.15,96.4 1 2
github.com/axis-cli/axis/internal/contract/executor/executor.go:99.3,100.17 2 5
github.com/axis-cli/axis/internal/contract/executor/executor.go:100.17,104.4 1 0
github.com/axis-cli/axis/internal/contract/executor/executor.go:105.3,105.67 1 5
github.com/axis-cli/axis/internal/contract/executor/executor.go:105.67,109.4 1 1
github.com/axis-cli/axis/internal/contract/executor/executor.go:110.3,112.9 1 4
github.com/axis-cli/axis/internal/contract/executor/executor.go:115.2,117.8 1 1
github.com/axis-cli/axis/internal/contract/executor/executor.go:121.173,125.41 3 2
github.com/axis-cli/axis/internal/contract/executor/executor.go:125.41,128.17 3 4
github.com/axis-cli/axis/internal/contract/executor/executor.go:128.17,132.4 1 1
github.com/axis-cli/axis/internal/contract/executor/executor.go:134.3,134.30 1 3
github.com/axis-cli/axis/internal/contract/executor/executor.go:134.30,141.38 3 2
github.com/axis-cli/axis/internal/contract/executor/executor.go:141.38,143.12 2 2
github.com/axis-cli/axis/internal/contract/executor/executor.go:143.12,149.14 2 0
github.com/axis-cli/axis/internal/contract/executor/executor.go:151.5,152.23 2 2
github.com/axis-cli/axis/internal/contract/executor/executor.go:152.23,158.14 2 0
github.com/axis-cli/axis/internal/contract/executor/executor.go:160.5,165.7 2 2
github.com/axis-cli/axis/internal/contract/executor/executor.go:167.4,167.12 1 2
github.com/axis-cli/axis/internal/contract/executor/executor.go:170.3,170.25 1 1
github.com/axis-cli/axis/internal/contract/executor/executor.go:170.25,171.68 1 1
github.com/axis-cli/axis/internal/contract/executor/executor.go:171.68,175.5 1 0
github.com/axis-cli/axis/internal/contract/executor/executor.go:176.4,176.59 1 1
github.com/axis-cli/axis/internal/contract/executor/executor.go:180.2,182.66 1 0
github.com/axis-cli/axis/internal/contract/executor/executor.go:186.93,191.13 4 38
github.com/axis-cli/axis/internal/contract/executor/executor.go:191.13,193.3 1 2
github.com/axis-cli/axis/internal/contract/executor/executor.go:195.2,195.33 1 36
github.com/axis-cli/axis/internal/contract/executor/executor.go:195.33,197.3 1 4
github.com/axis-cli/axis/internal/contract/executor/executor.go:199.2,199.52 1 32
github.com/axis-cli/axis/internal/contract/executor/executor.go:199.52,201.32 2 58
github.com/axis-cli/axis/internal/contract/executor/executor.go:201.32,203.4 1 2
github.com/axis-cli/axis/internal/contract/executor/executor.go:205.3,205.13 1 56
github.com/axis-cli/axis/internal/contract/executor/executor.go:205.13,206.77 1 38
github.com/axis-cli/axis/internal/contract/executor/executor.go:206.77,208.5 1 8
github.com/axis-cli/axis/internal/contract/executor/executor.go:210.4,210.27 1 30
github.com/axis-cli/axis/internal/contract/executor/executor.go:210.27,211.85 1 11
github.com/axis-cli/axis/internal/contract/executor/executor.go:211.85,213.6 1 6
github.com/axis-cli/axis/internal/contract/executor/executor.go:218.2,218.12 1 16
github.com/axis-cli/axis/internal/contract/executor/executor.go:222.95,227.13 4 12
github.com/axis-cli/axis/internal/contract/executor/executor.go:227.13,229.3 1 1
github.com/axis-cli/axis/internal/contract/executor/executor.go:231.2,231.34 1 11
github.com/axis-cli/axis/internal/contract/executor/executor.go:231.34,233.3 1 2
github.com/axis-cli/axis/internal/contract/executor/executor.go:235.2,235.53 1 9
github.com/axis-cli/axis/internal/contract/executor/executor.go:235.53,237.32 2 9
github.com/axis-cli/axis/internal/contract/executor/executor.go:237.32,239.4 1 3
github.com/axis-cli/axis/internal/contract/executor/executor.go:241.3,241.13 1 6
github.com/axis-cli/axis/internal/contract/executor/executor.go:241.13,242.77 1 6
github.com/axis-cli/axis/internal/contract/executor/executor.go:242.77,244.5 1 1
github.com/axis-cli/axis/internal/contract/executor/executor.go:246.4,246.27 1 5
github.com/axis-cli/axis/internal/contract/executor/executor.go:246.27,247.85 1 0
github.com/axis-cli/axis/internal/contract/executor/executor.go:247.85,249.6 1 0
github.com/axis-cli/axis/internal/contract/executor/executor.go:254.2,254.12 1 5
github.com/axis-cli/axis/internal/contract/executor/executor.go:258.115,259.22 1 44
github.com/axis-cli/axis/internal/contract/executor/executor.go:260.29,261.35 1 19
github.com/axis-cli/axis/internal/contract/executor/executor.go:261.35,263.4 1 4
github.com/axis-cli/axis/internal/contract/executor/executor.go:264.26,265.32 1 11
github.com/axis-cli/axis/internal/contract/executor/executor.go:265.32,266.36 1 6
github.com/axis-cli/axis/internal/contract/executor/executor.go:266.36,269.5 1 5
github.com/axis-cli/axis/internal/contract/executor/executor.go:270.4,270.71 1 1
github.com/axis-cli/axis/internal/contract/executor/executor.go:272.28,273.36 1 3
github.com/axis-cli/axis/internal/contract/executor/executor.go:273.36,274.32 1 1
github.com/axis-cli/axis/internal/contract/executor/executor.go:274.32,277.5 1 0
github.com/axis-cli/axis/internal/contract/executor/executor.go:278.4,278.73 1 1
github.com/axis-cli/axis/internal/contract/executor/executor.go:280.27,281.33 1 4
github.com/axis-cli/axis/internal/contract/executor/executor.go:281.33,283.4 1 1
github.com/axis-cli/axis/internal/contract/executor/executor.go:284.28,285.34 1 4
github.com/axis-cli/axis/internal/contract/executor/executor.go:285.34,287.4 1 1
github.com/axis-cli/axis/internal/contract/executor/executor.go:288.29,289.43 1 3
github.com/axis-cli/axis/internal/contract/executor/executor.go:289.43,291.4 1 1
github.com/axis-cli/axis/internal/contract/executor/executor.go:293.2,293.12 1 30
github.com/axis-cli/axis/internal/contract/executor/executor.go:297.122,298.19 1 11
github.com/axis-cli/axis/internal/contract/executor/executor.go:299.29,301.10 2 2
github.com/axis-cli/axis/internal/contract/executor/executor.go:301.10,303.4 1 0
github.com/axis-cli/axis/internal/contract/executor/executor.go:304.3,304.43 1 2
github.com/axis-cli/axis/internal/contract/executor/executor.go:304.43,306.4 1 1
github.com/axis-cli/axis/internal/contract/executor/executor.go:307.26,309.10 2 8
github.com/axis-cli/axis/internal/contract/executor/executor.go:309.10,311.43 1 5
github.com/axis-cli/axis/internal/contract/executor/executor.go:311.43,313.66 1 5
github.com/axis-cli/axis/internal/contract/executor/executor.go:313.66,315.6 1 1
github.com/axis-cli/axis/internal/contract/executor/executor.go:316.5,318.38 2 4
github.com/axis-cli/axis/internal/contract/executor/executor.go:318.38,320.6 1 1
github.com/axis-cli/axis/internal/contract/executor/executor.go:321.10,323.5 1 0
github.com/axis-cli/axis/internal/contract/executor/executor.go:325.3,325.40 1 6
github.com/axis-cli/axis/internal/contract/executor/executor.go:325.40,327.4 1 2
github.com/axis-cli/axis/internal/contract/executor/executor.go:328.10,329.108 1 1
github.com/axis-cli/axis/internal/contract/executor/executor.go:331.2,331.12 1 5
github.com/axis-cli/axis/internal/contract/executor/executor.go:335.84,336.25 1 2
github.com/axis-cli/axis/internal/contract/executor/executor.go:336.25,337.17 1 4
github.com/axis-cli/axis/internal/contract/executor/executor.go:337.17,339.4 1 1
github.com/axis-cli/axis/internal/contract/executor/executor.go:341.2,341.14 1 1
github.com/axis-cli/axis/internal/contract/executor/executor.go:345.78,346.25 1 6
github.com/axis-cli/axis/internal/contract/executor/executor.go:346.25,347.36 1 14
github.com/axis-cli/axis/internal/contract/executor/executor.go:347.36,349.4 1 4
github.com/axis-cli/axis/internal/contract/executor/executor.go:351.2,351.14 1 2
github.com/axis-cli/axis/internal/kernel/scheduler/scheduler.go:40.97,47.2 1 25
github.com/axis-cli/axis/internal/kernel/scheduler/scheduler.go:50.61,54.30 3 40
github.com/axis-cli/axis/internal/kernel/scheduler/scheduler.go:54.30,56.3 1 1
github.com/axis-cli/axis/internal/kernel/scheduler/scheduler.go:59.2,59.108 1 39
github.com/axis-cli/axis/internal/kernel/scheduler/scheduler.go:59.108,61.3 1 1
github.com/axis-cli/axis/internal/kernel/scheduler/scheduler.go:64.2,64.49 1 38
github.com/axis-cli/axis/internal/kernel/scheduler/scheduler.go:64.49,66.3 1 1
github.com/axis-cli/axis/internal/kernel/scheduler/scheduler.go:69.2,81.62 6 37
github.com/axis-cli/axis/internal/kernel/scheduler/scheduler.go:81.62,83.3 1 0
github.com/axis-cli/axis/internal/kernel/scheduler/scheduler.go:85.2,85.12 1 37
github.com/axis-cli/axis/internal/kernel/scheduler/scheduler.go:89.121,93.35 2 47
github.com/axis-cli/axis/internal/kernel/scheduler/scheduler.go:93.35,94.19 1 11
github.com/axis-cli/axis/internal/kernel/scheduler/scheduler.go:94.19,96.4 1 1
github.com/axis-cli/axis/internal/kernel/scheduler/scheduler.go:97.3,97.45 1 10
github.com/axis-cli/axis/internal/kernel/scheduler/scheduler.go:97.45,98.88 1 8
github.com/axis-cli/axis/internal/kernel/scheduler/scheduler.go:98.88,100.5 1 1
github.com/axis-cli/axis/internal/kernel/scheduler/scheduler.go:105.2,106.12 2 45
github.com/axis-cli/axis/internal/kernel/scheduler/scheduler.go:110.53,115.13 4 3
github.com/axis-cli/axis/internal/kernel/scheduler/scheduler.go:115.13,117.3 1 1
github.com/axis-cli/axis/internal/kernel/scheduler/scheduler.go:120.2,120.44 1 2
github.com/axis-cli/axis/internal/kernel/scheduler/scheduler.go:120.44,122.3 1 1
github.com/axis-cli/axis/internal/kernel/scheduler/scheduler.go:125.2,125.28 1 1
github.com/axis-cli/axis/internal/kernel/scheduler/scheduler.go:125.28,126.25 1 1
github.com/axis-cli/axis/internal/kernel/scheduler/scheduler.go:126.25,128.9 2 1
github.com/axis-cli/axis/internal/kernel/scheduler/scheduler.go:133.2,136.52 2 1
github.com/axis-cli/axis/internal/kernel/scheduler/scheduler.go:136.52,138.3 1 0
github.com/axis-cli/axis/internal/kernel/scheduler/scheduler.go:140.2,140.12 1 1
github.com/axis-cli/axis/internal/kernel/scheduler/scheduler.go:144.76,149.13 4 7
github.com/axis-cli/axis/internal/kernel/scheduler/scheduler.go:149.13,151.3 1 1
github.com/axis-cli/axis/internal/kernel/scheduler/scheduler.go:152.2,152.25 1 6
github.com/axis-cli/axis/internal/kernel/scheduler/scheduler.go:156.65,158.16 2 9
github.com/axis-cli/axis/internal/kernel/scheduler/scheduler.go:158.16,160.3 1 1
github.com/axis-cli/axis/internal/kernel/scheduler/scheduler.go:161.2,161.21 1 8
github.com/axis-cli/axis/internal/kernel/scheduler/scheduler.go:161.21,163.3 1 1
github.com/axis-cli/axis/internal/kernel/scheduler/scheduler.go:164.2,164.22 1 7
github.com/axis-cli/axis/internal/kernel/scheduler/scheduler.go:167.78,171.30 3 18
github.com/axis-cli/axis/internal/kernel/scheduler/scheduler.go:171.30,173.3 1 1
github.com/axis-cli/axis/internal/kernel/scheduler/scheduler.go:176.2,177.31 2 17
github.com/axis-cli/axis/internal/kernel/scheduler/scheduler.go:177.31,178.94 1 52
github.com/axis-cli/axis/internal/kernel/scheduler/scheduler.go:178.94,180.4 1 33
github.com/axis-cli/axis/internal/kernel/scheduler/scheduler.go:184.2,184.51 1 17
github.com/axis-cli/axis/internal/kernel/scheduler/scheduler.go:184.51,186.3 1 20
github.com/axis-cli/axis/internal/kernel/scheduler/scheduler.go:188.2,188.42 1 17
github.com/axis-cli/axis/internal/kernel/scheduler/scheduler.go:188.42,190.3 1 6
github.com/axis-cli/axis/internal/kernel/scheduler/scheduler.go:193.2,193.34 1 17
github.com/axis-cli/axis/internal/kernel/scheduler/scheduler.go:193.34,202.63 5 21
github.com/axis-cli/axis/internal/kernel/scheduler/scheduler.go:202.63,206.4 3 0
github.com/axis-cli/axis/internal/kernel/scheduler/scheduler.go:209.2,209.24 1 17
github.com/axis-cli/axis/internal/kernel/scheduler/scheduler.go:214.45,215.26 1 40
github.com/axis-cli/axis/internal/kernel/scheduler/scheduler.go:215.26,217.3 1 28
github.com/axis-cli/axis/internal/kernel/scheduler/scheduler.go:218.2,219.9 2 12
github.com/axis-cli/axis/internal/kernel/scheduler/scheduler.go:219.9,221.3 1 0
github.com/axis-cli/axis/internal/kernel/scheduler/scheduler.go:222.2,223.36 2 12
github.com/axis-cli/axis/internal/kernel/scheduler/scheduler.go:223.36,225.3 1 0
github.com/axis-cli/axis/internal/kernel/scheduler/scheduler.go:226.2,226.10 1 12
github.com/axis-cli/axis/internal/kernel/scheduler/scheduler.go:230.78,231.37 1 36
github.com/axis-cli/axis/internal/kernel/scheduler/scheduler.go:231.37,233.14 2 6
github.com/axis-cli/axis/internal/kernel/scheduler/scheduler.go:233.14,235.4 1 1
github.com/axis-cli/axis/internal/kernel/scheduler/scheduler.go:236.3,236.44 1 5
github.com/axis-cli/axis/internal/kernel/scheduler/scheduler.go:236.44,237.12 1 1
github.com/axis-cli/axis/internal/kernel/scheduler/scheduler.go:239.3,239.47 1 4
github.com/axis-cli/axis/internal/kernel/scheduler/scheduler.go:239.47,241.4 1 2
github.com/axis-cli/axis/internal/kernel/scheduler/scheduler.go:243.2,243.13 1 33
github.com/axis-cli/axis/internal/kernel/scheduler/scheduler.go:247.58,252.33 4 2
github.com/axis-cli/axis/internal/kernel/scheduler/scheduler.go:252.33,254.33 2 2
github.com/axis-cli/axis/internal/kernel/scheduler/scheduler.go:254.33,257.4 2 0
github.com/axis-cli/axis/internal/kernel/scheduler/scheduler.go:258.3,258.27 1 2
github.com/axis-cli/axis/internal/kernel/scheduler/scheduler.go:258.27,260.36 2 0
github.com/axis-cli/axis/internal/kernel/scheduler/scheduler.go:260.36,262.5 1 0
github.com/axis-cli/axis/internal/kernel/scheduler/scheduler.go:264.3,264.24 1 2
github.com/axis-cli/axis/internal/kernel/scheduler/scheduler.go:264.24,266.33 2 0
github.com/axis-cli/axis/internal/kernel/scheduler/scheduler.go:266.33,268.5 1 0
github.com/axis-cli/axis/internal/kernel/scheduler/scheduler.go:270.3,270.37 1 2
github.com/axis-cli/axis/internal/kernel/scheduler/scheduler.go:272.2,272.15 1 2
github.com/axis-cli/axis/internal/kernel/scheduler/scheduler.go:276.66,281.34 4 1
github.com/axis-cli/axis/internal/kernel/scheduler/scheduler.go:281.34,282.34 1 3
github.com/axis-cli/axis/internal/kernel/scheduler/scheduler.go:282.34,284.4 1 1
github.com/axis-cli/axis/internal/kernel/scheduler/scheduler.go:284.9,288.4 3 2
github.com/axis-cli/axis/internal/kernel/scheduler/scheduler.go:290.2,290.15 1 1
github.com/axis-cli/axis/internal/kernel/scheduler/scheduler.go:294.88,299.13 4 15
github.com/axis-cli/axis/internal/kernel/scheduler/scheduler.go:299.13,301.3 1 1
github.com/axis-cli/axis/internal/kernel/scheduler/scheduler.go:303.2,306.16 3 14
github.com/axis-cli/axis/internal/kernel/scheduler/scheduler.go:307.31,308.24 1 4
github.com/axis-cli/axis/internal/kernel/scheduler/scheduler.go:309.57,310.26 1 10
github.com/axis-cli/axis/internal/kernel/scheduler/scheduler.go:314.2,318.57 2 14
github.com/axis-cli/axis/internal/kernel/scheduler/scheduler.go:318.57,320.3 1 0
github.com/axis-cli/axis/internal/kernel/scheduler/scheduler.go:322.2,322.12 1 14
github.com/axis-cli/axis/internal/kernel/dispatcher/dispatcher.go:28.115,34.2 1 8
github.com/axis-cli/axis/internal/kernel/dispatcher/dispatcher.go:37.106,45.12 5 7
github.com/axis-cli/axis/internal/kernel/dispatcher/dispatcher.go:45.12,47.10 1 7
github.com/axis-cli/axis/internal/kernel/dispatcher/dispatcher.go:48.21,49.10 1 0
github.com/axis-cli/axis/internal/kernel/dispatcher/dispatcher.go:50.28,51.10 1 1
github.com/axis-cli/axis/internal/kernel/dispatcher/dispatcher.go:52.11,54.18 2 6
github.com/axis-cli/axis/internal/kernel/dispatcher/dispatcher.go:54.18,56.5 1 3
github.com/axis-cli/axis/internal/kernel/dispatcher/dispatcher.go:56.10,58.5 1 3
github.com/axis-cli/axis/internal/kernel/dispatcher/dispatcher.go:62.2,62.9 1 7
github.com/axis-cli/axis/internal/kernel/dispatcher/dispatcher.go:63.27,65.10 1 1
github.com/axis-cli/axis/internal/kernel/dispatcher/dispatcher.go:66.25,67.75 1 0
github.com/axis-cli/axis/internal/kernel/dispatcher/dispatcher.go:68.11,68.11 0 1
github.com/axis-cli/axis/internal/kernel/dispatcher/dispatcher.go:70.3,76.16 2 1
github.com/axis-cli/axis/internal/kernel/dispatcher/dispatcher.go:77.30,78.21 1 3
github.com/axis-cli/axis/internal/kernel/dispatcher/dispatcher.go:79.24,85.9 1 3
github.com/axis-cli/axis/internal/kernel/dispatcher/dispatcher.go:90.88,93.45 2 6
github.com/axis-cli/axis/internal/kernel/dispatcher/dispatcher.go:93.45,95.3 1 2
github.com/axis-cli/axis/internal/kernel/dispatcher/dispatcher.go:97.2,98.16 2 4
github.com/axis-cli/axis/internal/kernel/dispatcher/dispatcher.go:98.16,105.3 1 2
github.com/axis-cli/axis/internal/kernel/dispatcher/dispatcher.go:107.2,112.8 1 2
github.com/axis-cli/axis/internal/kernel/dispatcher/dispatcher.go:116.93,124.64 2 2
github.com/axis-cli/axis/internal/kernel/dispatcher/dispatcher.go:124.64,131.3 1 0
github.com/axis-cli/axis/internal/kernel/dispatcher/dispatcher.go:133.2,136.6 3 2
github.com/axis-cli/axis/internal/kernel/dispatcher/dispatcher.go:136.6,138.17 2 4
github.com/axis-cli/axis/internal/kernel/dispatcher/dispatcher.go:138.17,145.4 1 0
github.com/axis-cli/axis/internal/kernel/dispatcher/dispatcher.go:147.3,147.17 1 4
github.com/axis-cli/axis/internal/kernel/dispatcher/dispatcher.go:148.34,153.10 1 1
github.com/axis-cli/axis/internal/kernel/dispatcher/dispatcher.go:154.31,160.54 1 0
github.com/axis-cli/axis/internal/kernel/dispatcher/dispatcher.go:163.3,163.33 1 3
github.com/axis-cli/axis/internal/kernel/dispatcher/dispatcher.go:163.33,171.4 2 1
github.com/axis-cli/axis/internal/kernel/dispatcher/dispatcher.go:173.3,173.27 1 2
github.com/axis-cli/axis/internal/types/types.go:140.37,141.20 1 2
github.com/axis-cli/axis/internal/types/types.go:141.20,143.3 1 1
github.com/axis-cli/axis/internal/types/types.go:144.2,144.50 1 1
github.com/axis-cli/axis/internal/types/types.go:147.37,149.2 1 2
github.com/axis-cli/axis/internal/types/types.go:151.64,153.2 1 3
github.com/axis-cli/axis/internal/types/types.go:155.86,157.2 1 3
github.com/axis-cli/axis/internal/kernel/sharedlayer/state_store.go:25.46,29.2 1 3
github.com/axis-cli/axis/internal/kernel/sharedlayer/state_store.go:32.77,37.2 4 2
github.com/axis-cli/axis/internal/kernel/sharedlayer/state_store.go:40.73,44.13 4 3
github.com/axis-cli/axis/internal/kernel/sharedlayer/state_store.go:44.13,46.3 1 2
github.com/axis-cli/axis/internal/kernel/sharedlayer/state_store.go:47.2,47.19 1 1
github.com/axis-cli/axis/internal/kernel/sharedlayer/state_store.go:51.56,56.2 4 1
github.com/axis-cli/axis/internal/contract/admission/admission.go:23.86,25.2 1 20
github.com/axis-cli/axis/internal/contract/admission/admission.go:29.72,30.23 1 26
github.com/axis-cli/axis/internal/contract/admission/admission.go:30.23,32.3 1 1
github.com/axis-cli/axis/internal/contract/admission/admission.go:34.2,34.27 1 25
github.com/axis-cli/axis/internal/contract/admission/admission.go:34.27,36.3 1 1
github.com/axis-cli/axis/internal/contract/admission/admission.go:38.2,38.86 1 24
github.com/axis-cli/axis/internal/contract/admission/admission.go:38.86,40.3 1 2
github.com/axis-cli/axis/internal/contract/admission/admission.go:42.2,42.42 1 22
github.com/axis-cli/axis/internal/contract/admission/admission.go:42.42,44.3 1 11
github.com/axis-cli/axis/internal/contract/admission/admission.go:46.2,46.12 1 11
github.com/axis-cli/axis/internal/contract/admission/admission.go:50.47,51.55 1 22
github.com/axis-cli/axis/internal/contract/admission/admission.go:51.55,53.28 2 4
github.com/axis-cli/axis/internal/contract/admission/admission.go:53.28,55.4 1 3
github.com/axis-cli/axis/internal/contract/admission/admission.go:57.2,57.56 1 19
github.com/axis-cli/axis/internal/contract/admission/admission.go:57.56,59.26 2 2
github.com/axis-cli/axis/internal/contract/admission/admission.go:59.26,61.4 1 1
github.com/axis-cli/axis/internal/contract/admission/admission.go:63.2,63.58 1 18
github.com/axis-cli/axis/internal/contract/admission/admission.go:63.58,64.108 1 5
github.com/axis-cli/axis/internal/contract/admission/admission.go:64.108,66.4 1 2
github.com/axis-cli/axis/internal/contract/admission/admission.go:68.2,68.54 1 16
github.com/axis-cli/axis/internal/contract/admission/admission.go:68.54,70.37 2 5
github.com/axis-cli/axis/internal/contract/admission/admission.go:70.37,72.4 1 4
github.com/axis-cli/axis/internal/contract/admission/admission.go:74.2,74.53 1 12
github.com/axis-cli/axis/internal/contract/admission/admission.go:74.53,75.91 1 4
github.com/axis-cli/axis/internal/contract/admission/admission.go:75.91,77.4 1 1
github.com/axis-cli/axis/internal/contract/admission/admission.go:79.2,79.12 1 11
github.com/axis-cli/axis/internal/kernel/lifecycle/lifecycle.go:25.50,34.2 4 3
github.com/axis-cli/axis/internal/kernel/lifecycle/lifecycle.go:37.69,41.20 4 3
github.com/axis-cli/axis/internal/kernel/lifecycle/lifecycle.go:41.20,43.3 1 3
github.com/axis-cli/axis/internal/kernel/lifecycle/lifecycle.go:44.2,44.16 1 3
github.com/axis-cli/axis/internal/kernel/lifecycle/lifecycle.go:48.69,50.17 2 4
github.com/axis-cli/axis/internal/kernel/lifecycle/lifecycle.go:50.17,53.3 2 1
github.com/axis-cli/axis/internal/kernel/lifecycle/lifecycle.go:54.2,58.9 4 3
github.com/axis-cli/axis/internal/kernel/lifecycle/lifecycle.go:59.17,60.13 1 2
github.com/axis-cli/axis/internal/kernel/lifecycle/lifecycle.go:61.20,62.19 1 1
github.com/axis-cli/axis/internal/kernel/lifecycle/lifecycle.go:67.50,71.2 3 2
github.com/axis-cli/axis/internal/model/tool/bash.go:15.30,15.52 1 7
github.com/axis-cli/axis/internal/model/tool/bash.go:18.34,18.51 1 1
github.com/axis-cli/axis/internal/model/tool/bash.go:21.50,29.2 1 1
github.com/axis-cli/axis/internal/model/tool/bash.go:32.95,34.25 2 4
github.com/axis-cli/axis/internal/model/tool/bash.go:34.25,36.3 1 2
github.com/axis-cli/axis/internal/model/tool/bash.go:37.2,42.20 6 2
github.com/axis-cli/axis/internal/model/tool/bash.go:42.20,43.51 1 1
github.com/axis-cli/axis/internal/model/tool/bash.go:43.51,45.4 1 1
github.com/axis-cli/axis/internal/model/tool/bash.go:45.9,47.4 1 0
github.com/axis-cli/axis/internal/model/tool/bash.go:49.2,52.8 1 2
github.com/axis-cli/axis/internal/model/tool/tool.go:26.30,28.2 1 5
github.com/axis-cli/axis/internal/model/tool/tool.go:31.43,34.44 3 5
github.com/axis-cli/axis/internal/model/tool/tool.go:34.44,36.3 1 1
github.com/axis-cli/axis/internal/model/tool/tool.go:37.2,38.12 2 4
github.com/axis-cli/axis/internal/model/tool/tool.go:42.50,47.2 4 2
github.com/axis-cli/axis/internal/model/tool/tool.go:50.50,54.28 4 2
github.com/axis-cli/axis/internal/model/tool/tool.go:54.28,56.3 1 2
github.com/axis-cli/axis/internal/model/tool/tool.go:57.2,57.13 1 2
github.com/axis-cli/axis/internal/contract/admission/admission.go:23.86,25.2 1 20
github.com/axis-cli/axis/internal/contract/admission/admission.go:29.72,30.23 1 26
github.com/axis-cli/axis/internal/contract/admission/admission.go:30.23,32.3 1 1
github.com/axis-cli/axis/internal/contract/admission/admission.go:34.2,34.27 1 25
github.com/axis-cli/axis/internal/contract/admission/admission.go:34.27,36.3 1 1
github.com/axis-cli/axis/internal/contract/admission/admission.go:38.2,38.86 1 24
github.com/axis-cli/axis/internal/contract/admission/admission.go:38.86,40.3 1 2
github.com/axis-cli/axis/internal/contract/admission/admission.go:42.2,42.42 1 22
github.com/axis-cli/axis/internal/contract/admission/admission.go:42.42,44.3 1 11
github.com/axis-cli/axis/internal/contract/admission/admission.go:46.2,46.12 1 11
github.com/axis-cli/axis/internal/contract/admission/admission.go:50.47,51.55 1 22
github.com/axis-cli/axis/internal/contract/admission/admission.go:51.55,53.28 2 4
github.com/axis-cli/axis/internal/contract/admission/admission.go:53.28,55.4 1 3
github.com/axis-cli/axis/internal/contract/admission/admission.go:57.2,57.56 1 19
github.com/axis-cli/axis/internal/contract/admission/admission.go:57.56,59.26 2 2
github.com/axis-cli/axis/internal/contract/admission/admission.go:59.26,61.4 1 1
github.com/axis-cli/axis/internal/contract/admission/admission.go:63.2,63.58 1 18
github.com/axis-cli/axis/internal/contract/admission/admission.go:63.58,64.108 1 5
github.com/axis-cli/axis/internal/contract/admission/admission.go:64.108,66.4 1 2
github.com/axis-cli/axis/internal/contract/admission/admission.go:68.2,68.54 1 16
github.com/axis-cli/axis/internal/contract/admission/admission.go:68.54,70.37 2 5
github.com/axis-cli/axis/internal/contract/admission/admission.go:70.37,72.4 1 4
github.com/axis-cli/axis/internal/contract/admission/admission.go:74.2,74.53 1 12
github.com/axis-cli/axis/internal/contract/admission/admission.go:74.53,75.91 1 4
github.com/axis-cli/axis/internal/contract/admission/admission.go:75.91,77.4 1 1
github.com/axis-cli/axis/internal/contract/admission/admission.go:79.2,79.12 1 11
github.com/axis-cli/axis/internal/human/executor/executor.go:26.44,30.2 1 6
github.com/axis-cli/axis/internal/human/executor/executor.go:33.102,38.46 3 7
github.com/axis-cli/axis/internal/human/executor/executor.go:38.46,40.3 1 1
github.com/axis-cli/axis/internal/human/executor/executor.go:43.2,49.20 3 6
github.com/axis-cli/axis/internal/human/executor/executor.go:53.84,58.13 4 4
github.com/axis-cli/axis/internal/human/executor/executor.go:58.13,60.3 1 1
github.com/axis-cli/axis/internal/human/executor/executor.go:61.2,61.25 1 3
github.com/axis-cli/axis/internal/human/executor/executor.go:65.96,70.13 4 5
github.com/axis-cli/axis/internal/human/executor/executor.go:70.13,72.3 1 1
github.com/axis-cli/axis/internal/human/executor/executor.go:74.2,74.44 1 4
github.com/axis-cli/axis/internal/human/executor/executor.go:74.44,76.3 1 1
github.com/axis-cli/axis/internal/human/executor/executor.go:78.2,78.16 1 3
github.com/axis-cli/axis/internal/human/executor/executor.go:78.16,81.3 2 1
github.com/axis-cli/axis/internal/human/executor/executor.go:81.8,84.3 2 2
github.com/axis-cli/axis/internal/human/executor/executor.go:86.2,87.12 2 3
github.com/axis-cli/axis/internal/kernel/sharedlayer/state_store.go:25.46,29.2 1 3
github.com/axis-cli/axis/internal/kernel/sharedlayer/state_store.go:32.77,37.2 4 2
github.com/axis-cli/axis/internal/kernel/sharedlayer/state_store.go:40.73,44.13 4 3
github.com/axis-cli/axis/internal/kernel/sharedlayer/state_store.go:44.13,46.3 1 2
github.com/axis-cli/axis/internal/kernel/sharedlayer/state_store.go:47.2,47.19 1 1
github.com/axis-cli/axis/internal/kernel/sharedlayer/state_store.go:51.56,56.2 4 1
github.com/axis-cli/axis/internal/kernel/scheduler/scheduler.go:40.97,47.2 1 25
github.com/axis-cli/axis/internal/kernel/scheduler/scheduler.go:50.61,54.30 3 40
github.com/axis-cli/axis/internal/kernel/scheduler/scheduler.go:54.30,56.3 1 1
github.com/axis-cli/axis/internal/kernel/scheduler/scheduler.go:59.2,59.108 1 39
github.com/axis-cli/axis/internal/kernel/scheduler/scheduler.go:59.108,61.3 1 1
github.com/axis-cli/axis/internal/kernel/scheduler/scheduler.go:64.2,64.49 1 38
github.com/axis-cli/axis/internal/kernel/scheduler/scheduler.go:64.49,66.3 1 1
github.com/axis-cli/axis/internal/kernel/scheduler/scheduler.go:69.2,81.62 6 37
github.com/axis-cli/axis/internal/kernel/scheduler/scheduler.go:81.62,83.3 1 0
github.com/axis-cli/axis/internal/kernel/scheduler/scheduler.go:85.2,85.12 1 37
github.com/axis-cli/axis/internal/kernel/scheduler/scheduler.go:89.121,93.35 2 47
github.com/axis-cli/axis/internal/kernel/scheduler/scheduler.go:93.35,94.19 1 11
github.com/axis-cli/axis/internal/kernel/scheduler/scheduler.go:94.19,96.4 1 1
github.com/axis-cli/axis/internal/kernel/scheduler/scheduler.go:97.3,97.45 1 10
github.com/axis-cli/axis/internal/kernel/scheduler/scheduler.go:97.45,98.88 1 8
github.com/axis-cli/axis/internal/kernel/scheduler/scheduler.go:98.88,100.5 1 1
github.com/axis-cli/axis/internal/kernel/scheduler/scheduler.go:105.2,106.12 2 45
github.com/axis-cli/axis/internal/kernel/scheduler/scheduler.go:110.53,115.13 4 3
github.com/axis-cli/axis/internal/kernel/scheduler/scheduler.go:115.13,117.3 1 1
github.com/axis-cli/axis/internal/kernel/scheduler/scheduler.go:120.2,120.44 1 2
github.com/axis-cli/axis/internal/kernel/scheduler/scheduler.go:120.44,122.3 1 1
github.com/axis-cli/axis/internal/kernel/scheduler/scheduler.go:125.2,125.28 1 1
github.com/axis-cli/axis/internal/kernel/scheduler/scheduler.go:125.28,126.25 1 1
github.com/axis-cli/axis/internal/kernel/scheduler/scheduler.go:126.25,128.9 2 1
github.com/axis-cli/axis/internal/kernel/scheduler/scheduler.go:133.2,136.52 2 1
github.com/axis-cli/axis/internal/kernel/scheduler/scheduler.go:136.52,138.3 1 0
github.com/axis-cli/axis/internal/kernel/scheduler/scheduler.go:140.2,140.12 1 1
github.com/axis-cli/axis/internal/kernel/scheduler/scheduler.go:144.76,149.13 4 7
github.com/axis-cli/axis/internal/kernel/scheduler/scheduler.go:149.13,151.3 1 1
github.com/axis-cli/axis/internal/kernel/scheduler/scheduler.go:152.2,152.25 1 6
github.com/axis-cli/axis/internal/kernel/scheduler/scheduler.go:156.65,158.16 2 9
github.com/axis-cli/axis/internal/kernel/scheduler/scheduler.go:158.16,160.3 1 1
github.com/axis-cli/axis/internal/kernel/scheduler/scheduler.go:161.2,161.21 1 8
github.com/axis-cli/axis/internal/kernel/scheduler/scheduler.go:161.21,163.3 1 1
github.com/axis-cli/axis/internal/kernel/scheduler/scheduler.go:164.2,164.22 1 7
github.com/axis-cli/axis/internal/kernel/scheduler/scheduler.go:167.78,171.30 3 18
github.com/axis-cli/axis/internal/kernel/scheduler/scheduler.go:171.30,173.3 1 1
github.com/axis-cli/axis/internal/kernel/scheduler/scheduler.go:176.2,177.31 2 17
github.com/axis-cli/axis/internal/kernel/scheduler/scheduler.go:177.31,178.94 1 52
github.com/axis-cli/axis/internal/kernel/scheduler/scheduler.go:178.94,180.4 1 33
github.com/axis-cli/axis/internal/kernel/scheduler/scheduler.go:184.2,184.51 1 17
github.com/axis-cli/axis/internal/kernel/scheduler/scheduler.go:184.51,186.3 1 20
github.com/axis-cli/axis/internal/kernel/scheduler/scheduler.go:188.2,188.42 1 17
github.com/axis-cli/axis/internal/kernel/scheduler/scheduler.go:188.42,190.3 1 6
github.com/axis-cli/axis/internal/kernel/scheduler/scheduler.go:193.2,193.34 1 17
github.com/axis-cli/axis/internal/kernel/scheduler/scheduler.go:193.34,202.63 5 21
github.com/axis-cli/axis/internal/kernel/scheduler/scheduler.go:202.63,206.4 3 0
github.com/axis-cli/axis/internal/kernel/scheduler/scheduler.go:209.2,209.24 1 17
github.com/axis-cli/axis/internal/kernel/scheduler/scheduler.go:214.45,215.26 1 40
github.com/axis-cli/axis/internal/kernel/scheduler/scheduler.go:215.26,217.3 1 28
github.com/axis-cli/axis/internal/kernel/scheduler/scheduler.go:218.2,219.9 2 12
github.com/axis-cli/axis/internal/kernel/scheduler/scheduler.go:219.9,221.3 1 0
github.com/axis-cli/axis/internal/kernel/scheduler/scheduler.go:222.2,223.36 2 12
github.com/axis-cli/axis/internal/kernel/scheduler/scheduler.go:223.36,225.3 1 0
github.com/axis-cli/axis/internal/kernel/scheduler/scheduler.go:226.2,226.10 1 12
github.com/axis-cli/axis/internal/kernel/scheduler/scheduler.go:230.78,231.37 1 36
github.com/axis-cli/axis/internal/kernel/scheduler/scheduler.go:231.37,233.14 2 6
github.com/axis-cli/axis/internal/kernel/scheduler/scheduler.go:233.14,235.4 1 1
github.com/axis-cli/axis/internal/kernel/scheduler/scheduler.go:236.3,236.44 1 5
github.com/axis-cli/axis/internal/kernel/scheduler/scheduler.go:236.44,237.12 1 1
github.com/axis-cli/axis/internal/kernel/scheduler/scheduler.go:239.3,239.47 1 4
github.com/axis-cli/axis/internal/kernel/scheduler/scheduler.go:239.47,241.4 1 2
github.com/axis-cli/axis/internal/kernel/scheduler/scheduler.go:243.2,243.13 1 33
github.com/axis-cli/axis/internal/kernel/scheduler/scheduler.go:247.58,252.33 4 2
github.com/axis-cli/axis/internal/kernel/scheduler/scheduler.go:252.33,254.33 2 2
github.com/axis-cli/axis/internal/kernel/scheduler/scheduler.go:254.33,257.4 2 0
github.com/axis-cli/axis/internal/kernel/scheduler/scheduler.go:258.3,258.27 1 2
github.com/axis-cli/axis/internal/kernel/scheduler/scheduler.go:258.27,260.36 2 0
github.com/axis-cli/axis/internal/kernel/scheduler/scheduler.go:260.36,262.5 1 0
github.com/axis-cli/axis/internal/kernel/scheduler/scheduler.go:264.3,264.24 1 2
github.com/axis-cli/axis/internal/kernel/scheduler/scheduler.go:264.24,266.33 2 0
github.com/axis-cli/axis/internal/kernel/scheduler/scheduler.go:266.33,268.5 1 0
github.com/axis-cli/axis/internal/kernel/scheduler/scheduler.go:270.3,270.37 1 2
github.com/axis-cli/axis/internal/kernel/scheduler/scheduler.go:272.2,272.15 1 2
github.com/axis-cli/axis/internal/kernel/scheduler/scheduler.go:276.66,281.34 4 1
github.com/axis-cli/axis/internal/kernel/scheduler/scheduler.go:281.34,282.34 1 3
github.com/axis-cli/axis/internal/kernel/scheduler/scheduler.go:282.34,284.4 1 1
github.com/axis-cli/axis/internal/kernel/scheduler/scheduler.go:284.9,288.4 3 2
github.com/axis-cli/axis/internal/kernel/scheduler/scheduler.go:290.2,290.15 1 1
github.com/axis-cli/axis/internal/kernel/scheduler/scheduler.go:294.88,299.13 4 15
github.com/axis-cli/axis/internal/kernel/scheduler/scheduler.go:299.13,301.3 1 1
github.com/axis-cli/axis/internal/kernel/scheduler/scheduler.go:303.2,306.16 3 14
github.com/axis-cli/axis/internal/kernel/scheduler/scheduler.go:307.31,308.24 1 4
github.com/axis-cli/axis/internal/kernel/scheduler/scheduler.go:309.57,310.26 1 10
github.com/axis-cli/axis/internal/kernel/scheduler/scheduler.go:314.2,318.57 2 14
github.com/axis-cli/axis/internal/kernel/scheduler/scheduler.go:318.57,320.3 1 0
github.com/axis-cli/axis/internal/kernel/scheduler/scheduler.go:322.2,322.12 1 14
github.com/axis-cli/axis/internal/kernel/lifecycle/lifecycle.go:25.50,34.2 4 3
github.com/axis-cli/axis/internal/kernel/lifecycle/lifecycle.go:37.69,41.20 4 3
github.com/axis-cli/axis/internal/kernel/lifecycle/lifecycle.go:41.20,43.3 1 3
github.com/axis-cli/axis/internal/kernel/lifecycle/lifecycle.go:44.2,44.16 1 3
github.com/axis-cli/axis/internal/kernel/lifecycle/lifecycle.go:48.69,50.17 2 4
github.com/axis-cli/axis/internal/kernel/lifecycle/lifecycle.go:50.17,53.3 2 1
github.com/axis-cli/axis/internal/kernel/lifecycle/lifecycle.go:54.2,58.9 4 3
github.com/axis-cli/axis/internal/kernel/lifecycle/lifecycle.go:59.17,60.13 1 2
github.com/axis-cli/axis/internal/kernel/lifecycle/lifecycle.go:61.20,62.19 1 1
github.com/axis-cli/axis/internal/kernel/lifecycle/lifecycle.go:67.50,71.2 3 2
github.com/axis-cli/axis/internal/types/types.go:140.37,141.20 1 2
github.com/axis-cli/axis/internal/types/types.go:141.20,143.3 1 1
github.com/axis-cli/axis/internal/types/types.go:144.2,144.50 1 1
github.com/axis-cli/axis/internal/types/types.go:147.37,149.2 1 2
github.com/axis-cli/axis/internal/types/types.go:151.64,153.2 1 3
github.com/axis-cli/axis/internal/types/types.go:155.86,157.2 1 3
github.com/axis-cli/axis/internal/contract/executor/executor.go:32.50,36.2 1 30
github.com/axis-cli/axis/internal/contract/executor/executor.go:39.86,44.59 3 27
github.com/axis-cli/axis/internal/contract/executor/executor.go:44.59,46.3 1 1
github.com/axis-cli/axis/internal/contract/executor/executor.go:48.2,49.12 2 26
github.com/axis-cli/axis/internal/contract/executor/executor.go:53.70,57.2 3 8
github.com/axis-cli/axis/internal/contract/executor/executor.go:60.67,64.2 3 5
github.com/axis-cli/axis/internal/contract/executor/executor.go:68.113,69.59 1 10
github.com/axis-cli/axis/internal/contract/executor/executor.go:69.59,73.3 1 2
github.com/axis-cli/axis/internal/contract/executor/executor.go:75.2,80.14 5 8
github.com/axis-cli/axis/internal/contract/executor/executor.go:80.14,85.16 3 7
github.com/axis-cli/axis/internal/contract/executor/executor.go:85.16,87.22 2 4
github.com/axis-cli/axis/internal/contract/executor/executor.go:87.22,90.5 2 2
github.com/axis-cli/axis/internal/contract/executor/executor.go:94.3,94.15 1 7
github.com/axis-cli/axis/internal/contract/executor/executor.go:94.15,96.4 1 2
github.com/axis-cli/axis/internal/contract/executor/executor.go:99.3,100.17 2 5
github.com/axis-cli/axis/internal/contract/executor/executor.go:100.17,104.4 1 0
github.com/axis-cli/axis/internal/contract/executor/executor.go:105.3,105.67 1 5
github.com/axis-cli/axis/internal/contract/executor/executor.go:105.67,109.4 1 1
github.com/axis-cli/axis/internal/contract/executor/executor.go:110.3,112.9 1 4
github.com/axis-cli/axis/internal/contract/executor/executor.go:115.2,117.8 1 1
github.com/axis-cli/axis/internal/contract/executor/executor.go:121.173,125.41 3 2
github.com/axis-cli/axis/internal/contract/executor/executor.go:125.41,128.17 3 4
github.com/axis-cli/axis/internal/contract/executor/executor.go:128.17,132.4 1 1
github.com/axis-cli/axis/internal/contract/executor/executor.go:134.3,134.30 1 3
github.com/axis-cli/axis/internal/contract/executor/executor.go:134.30,141.38 3 2
github.com/axis-cli/axis/internal/contract/executor/executor.go:141.38,143.12 2 2
github.com/axis-cli/axis/internal/contract/executor/executor.go:143.12,149.14 2 0
github.com/axis-cli/axis/internal/contract/executor/executor.go:151.5,152.23 2 2
github.com/axis-cli/axis/internal/contract/executor/executor.go:152.23,158.14 2 0
github.com/axis-cli/axis/internal/contract/executor/executor.go:160.5,165.7 2 2
github.com/axis-cli/axis/internal/contract/executor/executor.go:167.4,167.12 1 2
github.com/axis-cli/axis/internal/contract/executor/executor.go:170.3,170.25 1 1
github.com/axis-cli/axis/internal/contract/executor/executor.go:170.25,171.68 1 1
github.com/axis-cli/axis/internal/contract/executor/executor.go:171.68,175.5 1 0
github.com/axis-cli/axis/internal/contract/executor/executor.go:176.4,176.59 1 1
github.com/axis-cli/axis/internal/contract/executor/executor.go:180.2,182.66 1 0
github.com/axis-cli/axis/internal/contract/executor/executor.go:186.93,191.13 4 38
github.com/axis-cli/axis/internal/contract/executor/executor.go:191.13,193.3 1 2
github.com/axis-cli/axis/internal/contract/executor/executor.go:195.2,195.33 1 36
github.com/axis-cli/axis/internal/contract/executor/executor.go:195.33,197.3 1 4
github.com/axis-cli/axis/internal/contract/executor/executor.go:199.2,199.52 1 32
github.com/axis-cli/axis/internal/contract/executor/executor.go:199.52,201.32 2 58
github.com/axis-cli/axis/internal/contract/executor/executor.go:201.32,203.4 1 2
github.com/axis-cli/axis/internal/contract/executor/executor.go:205.3,205.13 1 56
github.com/axis-cli/axis/internal/contract/executor/executor.go:205.13,206.77 1 38
github.com/axis-cli/axis/internal/contract/executor/executor.go:206.77,208.5 1 8
github.com/axis-cli/axis/internal/contract/executor/executor.go:210.4,210.27 1 30
github.com/axis-cli/axis/internal/contract/executor/executor.go:210.27,211.85 1 11
github.com/axis-cli/axis/internal/contract/executor/executor.go:211.85,213.6 1 6
github.com/axis-cli/axis/internal/contract/executor/executor.go:218.2,218.12 1 16
github.com/axis-cli/axis/internal/contract/executor/executor.go:222.95,227.13 4 12
github.com/axis-cli/axis/internal/contract/executor/executor.go:227.13,229.3 1 1
github.com/axis-cli/axis/internal/contract/executor/executor.go:231.2,231.34 1 11
github.com/axis-cli/axis/internal/contract/executor/executor.go:231.34,233.3 1 2
github.com/axis-cli/axis/internal/contract/executor/executor.go:235.2,235.53 1 9
github.com/axis-cli/axis/internal/contract/executor/executor.go:235.53,237.32 2 9
github.com/axis-cli/axis/internal/contract/executor/executor.go:237.32,239.4 1 3
github.com/axis-cli/axis/internal/contract/executor/executor.go:241.3,241.13 1 6
github.com/axis-cli/axis/internal/contract/executor/executor.go:241.13,242.77 1 6
github.com/axis-cli/axis/internal/contract/executor/executor.go:242.77,244.5 1 1
github.com/axis-cli/axis/internal/contract/executor/executor.go:246.4,246.27 1 5
github.com/axis-cli/axis/internal/contract/executor/executor.go:246.27,247.85 1 0
github.com/axis-cli/axis/internal/contract/executor/executor.go:247.85,249.6 1 0
github.com/axis-cli/axis/internal/contract/executor/executor.go:254.2,254.12 1 5
github.com/axis-cli/axis/internal/contract/executor/executor.go:258.115,259.22 1 44
github.com/axis-cli/axis/internal/contract/executor/executor.go:260.29,261.35 1 19
github.com/axis-cli/axis/internal/contract/executor/executor.go:261.35,263.4 1 4
github.com/axis-cli/axis/internal/contract/executor/executor.go:264.26,265.32 1 11
github.com/axis-cli/axis/internal/contract/executor/executor.go:265.32,266.36 1 6
github.com/axis-cli/axis/internal/contract/executor/executor.go:266.36,269.5 1 5
github.com/axis-cli/axis/internal/contract/executor/executor.go:270.4,270.71 1 1
github.com/axis-cli/axis/internal/contract/executor/executor.go:272.28,273.36 1 3
github.com/axis-cli/axis/internal/contract/executor/executor.go:273.36,274.32 1 1
github.com/axis-cli/axis/internal/contract/executor/executor.go:274.32,277.5 1 0
github.com/axis-cli/axis/internal/contract/executor/executor.go:278.4,278.73 1 1
github.com/axis-cli/axis/internal/contract/executor/executor.go:280.27,281.33 1 4
github.com/axis-cli/axis/internal/contract/executor/executor.go:281.33,283.4 1 1
github.com/axis-cli/axis/internal/contract/executor/executor.go:284.28,285.34 1 4
github.com/axis-cli/axis/internal/contract/executor/executor.go:285.34,287.4 1 1
github.com/axis-cli/axis/internal/contract/executor/executor.go:288.29,289.43 1 3
github.com/axis-cli/axis/internal/contract/executor/executor.go:289.43,291.4 1 1
github.com/axis-cli/axis/internal/contract/executor/executor.go:293.2,293.12 1 30
github.com/axis-cli/axis/internal/contract/executor/executor.go:297.122,298.19 1 11
github.com/axis-cli/axis/internal/contract/executor/executor.go:299.29,301.10 2 2
github.com/axis-cli/axis/internal/contract/executor/executor.go:301.10,303.4 1 0
github.com/axis-cli/axis/internal/contract/executor/executor.go:304.3,304.43 1 2
github.com/axis-cli/axis/internal/contract/executor/executor.go:304.43,306.4 1 1
github.com/axis-cli/axis/internal/contract/executor/executor.go:307.26,309.10 2 8
github.com/axis-cli/axis/internal/contract/executor/executor.go:309.10,311.43 1 5
github.com/axis-cli/axis/internal/contract/executor/executor.go:311.43,313.66 1 5
github.com/axis-cli/axis/internal/contract/executor/executor.go:313.66,315.6 1 1
github.com/axis-cli/axis/internal/contract/executor/executor.go:316.5,318.38 2 4
github.com/axis-cli/axis/internal/contract/executor/executor.go:318.38,320.6 1 1
github.com/axis-cli/axis/internal/contract/executor/executor.go:321.10,323.5 1 0
github.com/axis-cli/axis/internal/contract/executor/executor.go:325.3,325.40 1 6
github.com/axis-cli/axis/internal/contract/executor/executor.go:325.40,327.4 1 2
github.com/axis-cli/axis/internal/contract/executor/executor.go:328.10,329.108 1 1
github.com/axis-cli/axis/internal/contract/executor/executor.go:331.2,331.12 1 5
github.com/axis-cli/axis/internal/contract/executor/executor.go:335.84,336.25 1 2
github.com/axis-cli/axis/internal/contract/executor/executor.go:336.25,337.17 1 4
github.com/axis-cli/axis/internal/contract/executor/executor.go:337.17,339.4 1 1
github.com/axis-cli/axis/internal/contract/executor/executor.go:341.2,341.14 1 1
github.com/axis-cli/axis/internal/contract/executor/executor.go:345.78,346.25 1 6
github.com/axis-cli/axis/internal/contract/executor/executor.go:346.25,347.36 1 14
github.com/axis-cli/axis/internal/contract/executor/executor.go:347.36,349.4 1 4
github.com/axis-cli/axis/internal/contract/executor/executor.go:351.2,351.14 1 2
github.com/axis-cli/axis/internal/model/tool/bash.go:15.30,15.52 1 7
github.com/axis-cli/axis/internal/model/tool/bash.go:18.34,18.51 1 1
github.com/axis-cli/axis/internal/model/tool/bash.go:21.50,29.2 1 1
github.com/axis-cli/axis/internal/model/tool/bash.go:32.95,34.25 2 4
github.com/axis-cli/axis/internal/model/tool/bash.go:34.25,36.3 1 2
github.com/axis-cli/axis/internal/model/tool/bash.go:37.2,42.20 6 2
github.com/axis-cli/axis/internal/model/tool/bash.go:42.20,43.51 1 1
github.com/axis-cli/axis/internal/model/tool/bash.go:43.51,45.4 1 1
github.com/axis-cli/axis/internal/model/tool/bash.go:45.9,47.4 1 0
github.com/axis-cli/axis/internal/model/tool/bash.go:49.2,52.8 1 2
github.com/axis-cli/axis/internal/model/tool/tool.go:26.30,28.2 1 5
github.com/axis-cli/axis/internal/model/tool/tool.go:31.43,34.44 3 5
github.com/axis-cli/axis/internal/model/tool/tool.go:34.44,36.3 1 1
github.com/axis-cli/axis/internal/model/tool/tool.go:37.2,38.12 2 4
github.com/axis-cli/axis/internal/model/tool/tool.go:42.50,47.2 4 2
github.com/axis-cli/axis/internal/model/tool/tool.go:50.50,54.28 4 2
github.com/axis-cli/axis/internal/model/tool/tool.go:54.28,56.3 1 2
github.com/axis-cli/axis/internal/model/tool/tool.go:57.2,57.13 1 2
github.com/axis-cli/axis/internal/kernel/dispatcher/dispatcher.go:28.115,34.2 1 8
github.com/axis-cli/axis/internal/kernel/dispatcher/dispatcher.go:37.106,45.12 5 7
github.com/axis-cli/axis/internal/kernel/dispatcher/dispatcher.go:45.12,47.10 1 7
github.com/axis-cli/axis/internal/kernel/dispatcher/dispatcher.go:48.21,49.10 1 0
github.com/axis-cli/axis/internal/kernel/dispatcher/dispatcher.go:50.28,51.10 1 1
github.com/axis-cli/axis/internal/kernel/dispatcher/dispatcher.go:52.11,54.18 2 6
github.com/axis-cli/axis/internal/kernel/dispatcher/dispatcher.go:54.18,56.5 1 3
github.com/axis-cli/axis/internal/kernel/dispatcher/dispatcher.go:56.10,58.5 1 3
github.com/axis-cli/axis/internal/kernel/dispatcher/dispatcher.go:62.2,62.9 1 7
github.com/axis-cli/axis/internal/kernel/dispatcher/dispatcher.go:63.27,65.10 1 1
github.com/axis-cli/axis/internal/kernel/dispatcher/dispatcher.go:66.25,67.75 1 0
github.com/axis-cli/axis/internal/kernel/dispatcher/dispatcher.go:68.11,68.11 0 1
github.com/axis-cli/axis/internal/kernel/dispatcher/dispatcher.go:70.3,76.16 2 1
github.com/axis-cli/axis/internal/kernel/dispatcher/dispatcher.go:77.30,78.21 1 3
github.com/axis-cli/axis/internal/kernel/dispatcher/dispatcher.go:79.24,85.9 1 3
github.com/axis-cli/axis/internal/kernel/dispatcher/dispatcher.go:90.88,93.45 2 6
github.com/axis-cli/axis/internal/kernel/dispatcher/dispatcher.go:93.45,95.3 1 2
github.com/axis-cli/axis/internal/kernel/dispatcher/dispatcher.go:97.2,98.16 2 4
github.com/axis-cli/axis/internal/kernel/dispatcher/dispatcher.go:98.16,105.3 1 2
github.com/axis-cli/axis/internal/kernel/dispatcher/dispatcher.go:107.2,112.8 1 2
github.com/axis-cli/axis/internal/kernel/dispatcher/dispatcher.go:116.93,124.64 2 2
github.com/axis-cli/axis/internal/kernel/dispatcher/dispatcher.go:124.64,131.3 1 0
github.com/axis-cli/axis/internal/kernel/dispatcher/dispatcher.go:133.2,136.6 3 2
github.com/axis-cli/axis/internal/kernel/dispatcher/dispatcher.go:136.6,138.17 2 4
github.com/axis-cli/axis/internal/kernel/dispatcher/dispatcher.go:138.17,145.4 1 0
github.com/axis-cli/axis/internal/kernel/dispatcher/dispatcher.go:147.3,147.17 1 4
github.com/axis-cli/axis/internal/kernel/dispatcher/dispatcher.go:148.34,153.10 1 1
github.com/axis-cli/axis/internal/kernel/dispatcher/dispatcher.go:154.31,160.54 1 0
github.com/axis-cli/axis/internal/kernel/dispatcher/dispatcher.go:163.3,163.33 1 3
github.com/axis-cli/axis/internal/kernel/dispatcher/dispatcher.go:163.33,171.4 2 1
github.com/axis-cli/axis/internal/kernel/dispatcher/dispatcher.go:173.3,173.27 1 2
github.com/axis-cli/axis/internal/kernel/orchestrator/orchestrator.go:31.69,32.31 1 1
github.com/axis-cli/axis/internal/kernel/orchestrator/orchestrator.go:32.31,34.3 1 1
github.com/axis-cli/axis/internal/kernel/orchestrator/orchestrator.go:56.64,83.27 13 26
github.com/axis-cli/axis/internal/kernel/orchestrator/orchestrator.go:83.27,85.3 1 1
github.com/axis-cli/axis/internal/kernel/orchestrator/orchestrator.go:87.2,87.13 1 26
github.com/axis-cli/axis/internal/kernel/orchestrator/orchestrator.go:91.57,95.15 3 14
github.com/axis-cli/axis/internal/kernel/orchestrator/orchestrator.go:95.15,97.3 1 1
github.com/axis-cli/axis/internal/kernel/orchestrator/orchestrator.go:100.2,103.12 2 13
github.com/axis-cli/axis/internal/kernel/orchestrator/orchestrator.go:103.12,106.3 2 13
github.com/axis-cli/axis/internal/kernel/orchestrator/orchestrator.go:108.2,108.12 1 13
github.com/axis-cli/axis/internal/kernel/orchestrator/orchestrator.go:112.57,113.6 1 13
github.com/axis-cli/axis/internal/kernel/orchestrator/orchestrator.go:113.6,114.10 1 40
github.com/axis-cli/axis/internal/kernel/orchestrator/orchestrator.go:115.21,116.10 1 3
github.com/axis-cli/axis/internal/kernel/orchestrator/orchestrator.go:117.26,117.26 0 13
github.com/axis-cli/axis/internal/kernel/orchestrator/orchestrator.go:118.11,118.11 0 24
github.com/axis-cli/axis/internal/kernel/orchestrator/orchestrator.go:121.3,122.38 2 37
github.com/axis-cli/axis/internal/kernel/orchestrator/orchestrator.go:122.38,125.4 2 9
github.com/axis-cli/axis/internal/kernel/orchestrator/orchestrator.go:126.3,129.21 3 28
github.com/axis-cli/axis/internal/kernel/orchestrator/orchestrator.go:129.21,130.11 1 2
github.com/axis-cli/axis/internal/kernel/orchestrator/orchestrator.go:131.22,132.11 1 1
github.com/axis-cli/axis/internal/kernel/orchestrator/orchestrator.go:133.46,133.46 0 1
github.com/axis-cli/axis/internal/kernel/orchestrator/orchestrator.go:135.4,135.12 1 1
github.com/axis-cli/axis/internal/kernel/orchestrator/orchestrator.go:138.3,139.17 2 26
github.com/axis-cli/axis/internal/kernel/orchestrator/orchestrator.go:139.17,142.12 3 0
github.com/axis-cli/axis/internal/kernel/orchestrator/orchestrator.go:145.3,145.22 1 26
github.com/axis-cli/axis/internal/kernel/orchestrator/orchestrator.go:145.22,146.11 1 15
github.com/axis-cli/axis/internal/kernel/orchestrator/orchestrator.go:147.27,147.27 0 11
github.com/axis-cli/axis/internal/kernel/orchestrator/orchestrator.go:148.22,149.11 1 0
github.com/axis-cli/axis/internal/kernel/orchestrator/orchestrator.go:150.46,150.46 0 4
github.com/axis-cli/axis/internal/kernel/orchestrator/orchestrator.go:152.4,152.12 1 15
github.com/axis-cli/axis/internal/kernel/orchestrator/orchestrator.go:155.3,155.30 1 11
github.com/axis-cli/axis/internal/kernel/orchestrator/orchestrator.go:155.30,158.32 3 20
github.com/axis-cli/axis/internal/kernel/orchestrator/orchestrator.go:158.32,160.18 2 20
github.com/axis-cli/axis/internal/kernel/orchestrator/orchestrator.go:160.18,160.35 1 20
github.com/axis-cli/axis/internal/kernel/orchestrator/orchestrator.go:161.5,161.26 1 20
github.com/axis-cli/axis/internal/kernel/orchestrator/orchestrator.go:168.80,173.16 3 20
github.com/axis-cli/axis/internal/kernel/orchestrator/orchestrator.go:173.16,176.3 2 0
github.com/axis-cli/axis/internal/kernel/orchestrator/orchestrator.go:177.2,177.90 1 20
github.com/axis-cli/axis/internal/kernel/orchestrator/orchestrator.go:177.90,180.3 2 0
github.com/axis-cli/axis/internal/kernel/orchestrator/orchestrator.go:183.2,183.91 1 20
github.com/axis-cli/axis/internal/kernel/orchestrator/orchestrator.go:183.91,186.3 2 0
github.com/axis-cli/axis/internal/kernel/orchestrator/orchestrator.go:189.2,189.45 1 20
github.com/axis-cli/axis/internal/kernel/orchestrator/orchestrator.go:189.45,191.3 1 1
github.com/axis-cli/axis/internal/kernel/orchestrator/orchestrator.go:193.2,193.53 1 20
github.com/axis-cli/axis/internal/kernel/orchestrator/orchestrator.go:193.53,194.60 1 24
github.com/axis-cli/axis/internal/kernel/orchestrator/orchestrator.go:194.60,196.21 2 24
github.com/axis-cli/axis/internal/kernel/orchestrator/orchestrator.go:196.21,200.5 3 3
github.com/axis-cli/axis/internal/kernel/orchestrator/orchestrator.go:201.4,201.47 1 24
github.com/axis-cli/axis/internal/kernel/orchestrator/orchestrator.go:205.3,206.126 2 24
github.com/axis-cli/axis/internal/kernel/orchestrator/orchestrator.go:206.126,208.4 1 0
github.com/axis-cli/axis/internal/kernel/orchestrator/orchestrator.go:210.3,210.14 1 24
github.com/axis-cli/axis/internal/kernel/orchestrator/orchestrator.go:210.14,211.95 1 16
github.com/axis-cli/axis/internal/kernel/orchestrator/orchestrator.go:211.95,213.98 2 0
github.com/axis-cli/axis/internal/kernel/orchestrator/orchestrator.go:213.98,215.6 1 0
github.com/axis-cli/axis/internal/kernel/orchestrator/orchestrator.go:217.4,218.10 2 16
github.com/axis-cli/axis/internal/kernel/orchestrator/orchestrator.go:222.3,222.73 1 8
github.com/axis-cli/axis/internal/kernel/orchestrator/orchestrator.go:222.73,224.77 2 0
github.com/axis-cli/axis/internal/kernel/orchestrator/orchestrator.go:224.77,227.13 3 0
github.com/axis-cli/axis/internal/kernel/orchestrator/orchestrator.go:231.3,231.27 1 8
github.com/axis-cli/axis/internal/kernel/orchestrator/orchestrator.go:231.27,234.12 3 4
github.com/axis-cli/axis/internal/kernel/orchestrator/orchestrator.go:238.3,239.22 2 4
github.com/axis-cli/axis/internal/kernel/orchestrator/orchestrator.go:239.22,241.4 1 0
github.com/axis-cli/axis/internal/kernel/orchestrator/orchestrator.go:241.9,241.56 1 4
github.com/axis-cli/axis/internal/kernel/orchestrator/orchestrator.go:241.56,243.4 1 4
github.com/axis-cli/axis/internal/kernel/orchestrator/orchestrator.go:244.3,244.21 1 4
github.com/axis-cli/axis/internal/kernel/orchestrator/orchestrator.go:244.21,247.4 1 2
github.com/axis-cli/axis/internal/kernel/orchestrator/orchestrator.go:248.3,248.91 1 4
github.com/axis-cli/axis/internal/kernel/orchestrator/orchestrator.go:248.91,250.94 2 0
github.com/axis-cli/axis/internal/kernel/orchestrator/orchestrator.go:250.94,252.5 1 0
github.com/axis-cli/axis/internal/kernel/orchestrator/orchestrator.go:254.3,255.9 2 4
github.com/axis-cli/axis/internal/kernel/orchestrator/orchestrator.go:260.112,261.21 1 23
github.com/axis-cli/axis/internal/kernel/orchestrator/orchestrator.go:261.21,263.3 1 14
github.com/axis-cli/axis/internal/kernel/orchestrator/orchestrator.go:264.2,264.50 1 9
github.com/axis-cli/axis/internal/kernel/orchestrator/orchestrator.go:264.50,265.44 1 4
github.com/axis-cli/axis/internal/kernel/orchestrator/orchestrator.go:265.44,267.4 1 3
github.com/axis-cli/axis/internal/kernel/orchestrator/orchestrator.go:269.2,269.51 1 9
github.com/axis-cli/axis/internal/kernel/orchestrator/orchestrator.go:269.51,270.44 1 8
github.com/axis-cli/axis/internal/kernel/orchestrator/orchestrator.go:270.44,272.4 1 7
github.com/axis-cli/axis/internal/kernel/orchestrator/orchestrator.go:274.2,274.53 1 9
github.com/axis-cli/axis/internal/kernel/orchestrator/orchestrator.go:274.53,276.3 1 4
github.com/axis-cli/axis/internal/kernel/orchestrator/orchestrator.go:277.2,277.48 1 9
github.com/axis-cli/axis/internal/kernel/orchestrator/orchestrator.go:277.48,279.3 1 2
github.com/axis-cli/axis/internal/kernel/orchestrator/orchestrator.go:280.2,280.8 1 9
github.com/axis-cli/axis/internal/kernel/orchestrator/orchestrator.go:284.63,286.18 2 11
github.com/axis-cli/axis/internal/kernel/orchestrator/orchestrator.go:287.32,289.25 2 3
github.com/axis-cli/axis/internal/kernel/orchestrator/orchestrator.go:289.25,291.4 1 1
github.com/axis-cli/axis/internal/kernel/orchestrator/orchestrator.go:292.3,292.11 1 3
github.com/axis-cli/axis/internal/kernel/orchestrator/orchestrator.go:293.27,294.41 1 2
github.com/axis-cli/axis/internal/kernel/orchestrator/orchestrator.go:295.10,296.14 1 6
github.com/axis-cli/axis/internal/kernel/orchestrator/orchestrator.go:301.64,302.60 1 32
github.com/axis-cli/axis/internal/kernel/orchestrator/orchestrator.go:302.60,304.3 1 2
github.com/axis-cli/axis/internal/kernel/orchestrator/orchestrator.go:306.2,306.49 1 30
github.com/axis-cli/axis/internal/kernel/orchestrator/orchestrator.go:306.49,308.3 1 1
github.com/axis-cli/axis/internal/kernel/orchestrator/orchestrator.go:311.2,311.9 1 29
github.com/axis-cli/axis/internal/kernel/orchestrator/orchestrator.go:312.37,312.37 0 17
github.com/axis-cli/axis/internal/kernel/orchestrator/orchestrator.go:313.10,313.10 0 12
github.com/axis-cli/axis/internal/kernel/orchestrator/orchestrator.go:317.2,317.12 1 29
github.com/axis-cli/axis/internal/kernel/orchestrator/orchestrator.go:321.79,323.2 1 67
github.com/axis-cli/axis/internal/kernel/orchestrator/orchestrator.go:326.78,328.2 1 18
github.com/axis-cli/axis/internal/kernel/orchestrator/orchestrator.go:331.60,337.9 4 21
github.com/axis-cli/axis/internal/kernel/orchestrator/orchestrator.go:338.37,338.37 0 16
github.com/axis-cli/axis/internal/kernel/orchestrator/orchestrator.go:339.10,339.10 0 5
github.com/axis-cli/axis/internal/kernel/orchestrator/orchestrator.go:343.2,343.41 1 21
github.com/axis-cli/axis/internal/kernel/orchestrator/orchestrator.go:347.41,351.2 3 5
github.com/axis-cli/axis/internal/kernel/orchestrator/orchestrator.go:354.57,356.2 1 2
github.com/axis-cli/axis/internal/kernel/orchestrator/orchestrator.go:359.65,361.2 1 2
github.com/axis-cli/axis/internal/kernel/orchestrator/orchestrator.go:364.80,366.2 1 1
github.com/axis-cli/axis/cmd/axis/main.go:23.13,58.42 7 0
github.com/axis-cli/axis/cmd/axis/main.go:58.42,61.3 2 0
github.com/axis-cli/axis/cmd/axis/main.go:64.55,67.44 2 3
github.com/axis-cli/axis/cmd/axis/main.go:67.44,69.3 1 0
github.com/axis-cli/axis/cmd/axis/main.go:71.2,72.12 2 3
github.com/axis-cli/axis/cmd/axis/main.go:75.61,80.16 4 2
github.com/axis-cli/axis/cmd/axis/main.go:80.16,82.3 1 1
github.com/axis-cli/axis/cmd/axis/main.go:84.2,85.12 2 1
github.com/axis-cli/axis/cmd/axis/main.go:88.65,98.12 6 0
github.com/axis-cli/axis/cmd/axis/main.go:98.12,101.44 3 0
github.com/axis-cli/axis/cmd/axis/main.go:101.44,103.4 1 0
github.com/axis-cli/axis/cmd/axis/main.go:104.3,104.11 1 0
github.com/axis-cli/axis/cmd/axis/main.go:107.2,107.40 1 0
github.com/axis-cli/axis/cmd/axis/main.go:107.40,109.3 1 0
github.com/axis-cli/axis/cmd/axis/main.go:111.2,115.12 3 0
github.com/axis-cli/axis/cmd/axis/main.go:118.56,123.21 4 11
github.com/axis-cli/axis/cmd/axis/main.go:123.21,124.26 1 11
github.com/axis-cli/axis/cmd/axis/main.go:124.26,126.62 2 11
github.com/axis-cli/axis/cmd/axis/main.go:126.62,128.5 1 0
github.com/axis-cli/axis/cmd/axis/main.go:131.2,137.12 5 11
github.com/axis-cli/axis/cmd/axis/main.go:137.12,142.3 4 11
github.com/axis-cli/axis/cmd/axis/main.go:144.2,144.40 1 11
github.com/axis-cli/axis/cmd/axis/main.go:144.40,146.3 1 0
github.com/axis-cli/axis/cmd/axis/main.go:148.2,150.6 3 11
github.com/axis-cli/axis/cmd/axis/main.go:150.6,152.22 2 24
github.com/axis-cli/axis/cmd/axis/main.go:152.22,155.4 2 0
github.com/axis-cli/axis/cmd/axis/main.go:157.3,158.17 2 24
github.com/axis-cli/axis/cmd/axis/main.go:158.17,159.12 1 1
github.com/axis-cli/axis/cmd/axis/main.go:162.3,166.18 4 23
github.com/axis-cli/axis/cmd/axis/main.go:167.15,168.20 1 1
github.com/axis-cli/axis/cmd/axis/main.go:169.14,170.29 1 4
github.com/axis-cli/axis/cmd/axis/main.go:170.29,172.13 2 1
github.com/axis-cli/axis/cmd/axis/main.go:174.4,174.53 1 3
github.com/axis-cli/axis/cmd/axis/main.go:174.53,176.13 2 0
github.com/axis-cli/axis/cmd/axis/main.go:178.4,178.85 1 3
github.com/axis-cli/axis/cmd/axis/main.go:179.17,180.29 1 3
github.com/axis-cli/axis/cmd/axis/main.go:180.29,182.13 2 1
github.com/axis-cli/axis/cmd/axis/main.go:184.4,185.18 2 2
github.com/axis-cli/axis/cmd/axis/main.go:185.18,188.13 3 1
github.com/axis-cli/axis/cmd/axis/main.go:190.4,190.62 1 1
github.com/axis-cli/axis/cmd/axis/main.go:191.14,192.14 1 2
github.com/axis-cli/axis/cmd/axis/main.go:193.18,194.29 1 1
github.com/axis-cli/axis/cmd/axis/main.go:194.29,196.13 2 1
github.com/axis-cli/axis/cmd/axis/main.go:198.4,198.97 1 0
github.com/axis-cli/axis/cmd/axis/main.go:198.97,200.13 2 0
github.com/axis-cli/axis/cmd/axis/main.go:202.4,202.53 1 0
github.com/axis-cli/axis/cmd/axis/main.go:203.23,205.14 2 11
github.com/axis-cli/axis/cmd/axis/main.go:206.11,208.57 2 1
github.com/axis-cli/axis/cmd/axis/main.go:213.25,214.22 1 17
github.com/axis-cli/axis/cmd/axis/main.go:214.22,216.66 2 16
github.com/axis-cli/axis/cmd/axis/main.go:216.66,218.4 1 0
github.com/axis-cli/axis/cmd/axis/main.go:222.38,231.2 2 7
github.com/axis-cli/axis/cmd/axis/main.go:233.23,241.2 7 2
github.com/axis-cli/axis/cmd/axis/main.go:243.17,246.21 3 2
github.com/axis-cli/axis/cmd/axis/main.go:246.21,249.3 2 1
github.com/axis-cli/axis/cmd/axis/main.go:250.2,252.29 3 1
github.com/axis-cli/axis/cmd/axis/main.go:252.29,255.23 3 2
github.com/axis-cli/axis/cmd/axis/main.go:255.23,257.30 2 0
github.com/axis-cli/axis/cmd/axis/main.go:257.30,258.14 1 0
github.com/axis-cli/axis/cmd/axis/main.go:258.14,260.6 1 0
github.com/axis-cli/axis/cmd/axis/main.go:261.5,261.16 1 0
github.com/axis-cli/axis/cmd/axis/main.go:264.3,264.67 1 2
github.com/axis-cli/axis/cmd/axis/main.go:268.45,298.2 1 17
