mode: atomic
github.com/axis-cli/axis/internal/agent/contracts/analyze.go:14.44,23.2 1 2
github.com/axis-cli/axis/internal/agent/contracts/analyze.go:25.55,26.35 1 1
github.com/axis-cli/axis/internal/agent/contracts/analyze.go:26.35,28.3 1 6
github.com/axis-cli/axis/internal/agent/contracts/analyze.go:31.45,46.2 1 3
github.com/axis-cli/axis/internal/agent/contracts/analyze.go:48.47,61.2 1 3
github.com/axis-cli/axis/internal/agent/contracts/analyze.go:63.46,78.2 1 3
github.com/axis-cli/axis/internal/agent/contracts/analyze.go:80.48,93.2 1 3
github.com/axis-cli/axis/internal/agent/contracts/analyze.go:95.44,109.2 1 3
github.com/axis-cli/axis/internal/agent/contracts/analyze.go:111.43,124.2 1 3
github.com/axis-cli/axis/internal/agent/autonomy.go:25.49,32.2 1 1
github.com/axis-cli/axis/internal/agent/autonomy.go:35.48,37.2 1 3
github.com/axis-cli/axis/internal/agent/autonomy.go:47.90,53.2 1 2
github.com/axis-cli/axis/internal/agent/autonomy.go:56.51,57.15 1 2
github.com/axis-cli/axis/internal/agent/autonomy.go:57.15,59.3 1 1
github.com/axis-cli/axis/internal/agent/autonomy.go:60.2,64.3 1 1
github.com/axis-cli/axis/internal/agent/autonomy_rules.go:27.69,28.19 1 15
github.com/axis-cli/axis/internal/agent/autonomy_rules.go:28.19,29.53 1 14
github.com/axis-cli/axis/internal/agent/autonomy_rules.go:29.53,31.4 1 10
github.com/axis-cli/axis/internal/agent/autonomy_rules.go:33.2,35.3 1 15
github.com/axis-cli/axis/internal/agent/autonomy_rules.go:39.44,40.15 1 19
github.com/axis-cli/axis/internal/agent/autonomy_rules.go:41.28,42.19 1 5
github.com/axis-cli/axis/internal/agent/autonomy_rules.go:43.27,44.18 1 7
github.com/axis-cli/axis/internal/agent/autonomy_rules.go:45.25,46.16 1 3
github.com/axis-cli/axis/internal/agent/autonomy_rules.go:47.26,48.17 1 2
github.com/axis-cli/axis/internal/agent/autonomy_rules.go:49.25,50.16 1 2
github.com/axis-cli/axis/internal/agent/autonomy_rules.go:51.10,52.19 1 0
github.com/axis-cli/axis/internal/agent/autonomy_rules.go:57.118,59.39 1 12
github.com/axis-cli/axis/internal/agent/autonomy_rules.go:59.39,61.3 1 1
github.com/axis-cli/axis/internal/agent/autonomy_rules.go:64.2,64.107 1 11
github.com/axis-cli/axis/internal/agent/autonomy_rules.go:64.107,66.3 1 2
github.com/axis-cli/axis/internal/agent/autonomy_rules.go:69.2,69.32 1 9
github.com/axis-cli/axis/internal/agent/autonomy_rules.go:69.32,71.3 1 7
github.com/axis-cli/axis/internal/agent/autonomy_rules.go:74.2,74.51 1 2
github.com/axis-cli/axis/internal/agent/autonomy_rules.go:77.71,81.2 1 11
github.com/axis-cli/axis/internal/agent/autonomy_rules.go:83.115,87.22 3 7
github.com/axis-cli/axis/internal/agent/autonomy_rules.go:88.28,90.44 2 4
github.com/axis-cli/axis/internal/agent/autonomy_rules.go:91.27,94.62 2 1
github.com/axis-cli/axis/internal/agent/autonomy_rules.go:95.25,98.62 2 1
github.com/axis-cli/axis/internal/agent/autonomy_rules.go:99.26,101.42 2 1
github.com/axis-cli/axis/internal/agent/autonomy_rules.go:102.10,109.4 1 0
github.com/axis-cli/axis/internal/agent/autonomy_rules.go:112.2,121.3 2 7
github.com/axis-cli/axis/internal/agent/autonomy_rules.go:124.117,128.22 3 2
github.com/axis-cli/axis/internal/agent/autonomy_rules.go:129.25,132.58 2 0
github.com/axis-cli/axis/internal/agent/autonomy_rules.go:133.26,136.58 2 0
github.com/axis-cli/axis/internal/agent/autonomy_rules.go:137.25,140.58 2 1
github.com/axis-cli/axis/internal/agent/autonomy_rules.go:141.27,144.29 2 0
github.com/axis-cli/axis/internal/agent/autonomy_rules.go:145.10,152.4 1 1
github.com/axis-cli/axis/internal/agent/autonomy_rules.go:155.2,163.3 2 1
github.com/axis-cli/axis/internal/agent/autonomy_rules.go:166.115,168.33 2 3
github.com/axis-cli/axis/internal/agent/autonomy_rules.go:168.33,172.3 1 3
github.com/axis-cli/axis/internal/agent/autonomy_rules.go:172.8,174.3 1 0
github.com/axis-cli/axis/internal/agent/autonomy_rules.go:176.2,181.3 1 3
github.com/axis-cli/axis/internal/agent/autonomy_rules.go:185.72,186.21 1 9
github.com/axis-cli/axis/internal/agent/autonomy_rules.go:186.21,188.3 1 1
github.com/axis-cli/axis/internal/agent/autonomy_rules.go:189.2,189.19 1 8
github.com/axis-cli/axis/internal/agent/autonomy_rules.go:189.19,191.3 1 1
github.com/axis-cli/axis/internal/agent/autonomy_rules.go:192.2,192.31 1 7
github.com/axis-cli/axis/internal/agent/autonomy_rules.go:192.31,195.3 1 3
github.com/axis-cli/axis/internal/agent/autonomy_rules.go:196.2,196.12 1 4
github.com/axis-cli/axis/internal/agent/autonomy_rules.go:200.91,207.2 1 1
github.com/axis-cli/axis/internal/agent/autonomy_rules.go:210.87,212.2 1 1
github.com/axis-cli/axis/internal/agent/autonomy_rules.go:215.93,216.36 1 3
github.com/axis-cli/axis/internal/agent/autonomy_rules.go:216.36,218.3 1 1
github.com/axis-cli/axis/internal/agent/autonomy_rules.go:219.2,219.35 1 2
github.com/axis-cli/axis/internal/agent/autonomy_rules.go:223.95,224.39 1 3
github.com/axis-cli/axis/internal/agent/autonomy_rules.go:224.39,226.3 1 1
github.com/axis-cli/axis/internal/agent/autonomy_rules.go:227.2,227.110 1 2
github.com/axis-cli/axis/internal/agent/autonomy_rules.go:231.57,233.2 1 9
github.com/axis-cli/axis/internal/agent/autonomy_rules.go:236.115,238.56 2 2
github.com/axis-cli/axis/internal/agent/autonomy_rules.go:238.56,245.3 1 1
github.com/axis-cli/axis/internal/agent/autonomy_rules.go:247.2,252.3 1 1
github.com/axis-cli/axis/internal/agent/autonomy_rules.go:256.90,259.2 2 1
github.com/axis-cli/axis/internal/agent/autonomy_rules.go:262.44,264.2 1 2
github.com/axis-cli/axis/internal/agent/autonomy_rules.go:267.46,269.2 1 3
github.com/axis-cli/axis/internal/agent/autonomy_rules.go:272.48,274.2 1 3
github.com/axis-cli/axis/internal/agent/autonomy_rules.go:277.47,279.2 1 8
github.com/axis-cli/axis/internal/agent/autonomy_rules.go:282.45,285.2 1 1
github.com/axis-cli/axis/internal/agent/autonomy_rules.go:288.50,290.2 1 2
github.com/axis-cli/axis/internal/agent/autonomy_rules.go:293.70,300.2 1 1
github.com/axis-cli/axis/internal/agent/bootstrap.go:28.100,34.2 1 0
github.com/axis-cli/axis/internal/agent/bootstrap.go:39.87,45.35 4 0
github.com/axis-cli/axis/internal/agent/bootstrap.go:45.35,47.3 1 0
github.com/axis-cli/axis/internal/agent/bootstrap.go:50.2,50.26 1 0
github.com/axis-cli/axis/internal/agent/bootstrap.go:50.26,52.3 1 0
github.com/axis-cli/axis/internal/agent/bootstrap.go:55.2,56.28 2 0
github.com/axis-cli/axis/internal/agent/bootstrap.go:56.28,58.3 1 0
github.com/axis-cli/axis/internal/agent/bootstrap.go:61.2,61.54 1 0
github.com/axis-cli/axis/internal/agent/bootstrap.go:61.54,63.3 1 0
github.com/axis-cli/axis/internal/agent/bootstrap.go:65.2,65.12 1 0
github.com/axis-cli/axis/internal/agent/bootstrap.go:69.100,77.26 4 0
github.com/axis-cli/axis/internal/agent/bootstrap.go:77.26,78.58 1 0
github.com/axis-cli/axis/internal/agent/bootstrap.go:78.58,80.4 1 0
github.com/axis-cli/axis/internal/agent/bootstrap.go:84.2,85.46 2 0
github.com/axis-cli/axis/internal/agent/bootstrap.go:85.46,88.3 1 0
github.com/axis-cli/axis/internal/agent/bootstrap.go:89.2,91.17 2 0
github.com/axis-cli/axis/internal/agent/bootstrap.go:95.68,100.2 4 0
github.com/axis-cli/axis/internal/agent/bootstrap.go:103.71,107.2 3 0
github.com/axis-cli/axis/internal/agent/bootstrap.go:110.73,114.2 3 0
github.com/axis-cli/axis/internal/agent/bootstrap.go:117.64,121.2 3 0
github.com/axis-cli/axis/internal/agent/bootstrap.go:124.65,128.36 4 0
github.com/axis-cli/axis/internal/agent/bootstrap.go:128.36,130.3 1 0
github.com/axis-cli/axis/internal/agent/bootstrap.go:131.2,131.15 1 0
github.com/axis-cli/axis/internal/agent/bootstrap.go:135.67,137.2 1 0
github.com/axis-cli/axis/internal/agent/bootstrap.go:140.75,142.2 1 0
github.com/axis-cli/axis/internal/agent/context.go:29.40,30.11 1 58
github.com/axis-cli/axis/internal/agent/context.go:31.28,32.19 1 10
github.com/axis-cli/axis/internal/agent/context.go:33.27,34.18 1 13
github.com/axis-cli/axis/internal/agent/context.go:35.25,36.16 1 12
github.com/axis-cli/axis/internal/agent/context.go:37.26,38.17 1 10
github.com/axis-cli/axis/internal/agent/context.go:39.25,40.16 1 8
github.com/axis-cli/axis/internal/agent/context.go:41.10,42.19 1 5
github.com/axis-cli/axis/internal/agent/context.go:47.39,49.2 1 34
github.com/axis-cli/axis/internal/agent/context.go:53.67,55.14 2 18
github.com/axis-cli/axis/internal/agent/context.go:55.14,57.3 1 5
github.com/axis-cli/axis/internal/agent/context.go:58.2,58.38 1 18
github.com/axis-cli/axis/internal/agent/context.go:106.49,122.2 1 30
github.com/axis-cli/axis/internal/agent/context.go:125.38,129.2 1 6
github.com/axis-cli/axis/internal/agent/context.go:132.36,138.2 1 7
github.com/axis-cli/axis/internal/agent/context.go:141.40,143.2 1 5
github.com/axis-cli/axis/internal/agent/context.go:146.45,147.15 1 12
github.com/axis-cli/axis/internal/agent/context.go:147.15,149.3 1 1
github.com/axis-cli/axis/internal/agent/context.go:150.2,155.27 2 11
github.com/axis-cli/axis/internal/agent/context.go:155.27,158.3 2 11
github.com/axis-cli/axis/internal/agent/context.go:159.2,159.28 1 11
github.com/axis-cli/axis/internal/agent/context.go:159.28,165.43 2 11
github.com/axis-cli/axis/internal/agent/context.go:165.43,168.4 2 11
github.com/axis-cli/axis/internal/agent/context.go:170.2,170.27 1 11
github.com/axis-cli/axis/internal/agent/context.go:170.27,179.3 4 11
github.com/axis-cli/axis/internal/agent/context.go:180.2,180.29 1 11
github.com/axis-cli/axis/internal/agent/context.go:180.29,187.3 1 11
github.com/axis-cli/axis/internal/agent/context.go:188.2,188.14 1 11
github.com/axis-cli/axis/internal/agent/context.go:192.56,193.27 1 16
github.com/axis-cli/axis/internal/agent/context.go:193.27,195.3 1 1
github.com/axis-cli/axis/internal/agent/context.go:196.2,196.55 1 16
github.com/axis-cli/axis/internal/agent/context.go:200.62,202.2 1 1
github.com/axis-cli/axis/internal/agent/context.go:205.61,207.18 2 7
github.com/axis-cli/axis/internal/agent/context.go:207.18,209.3 1 3
github.com/axis-cli/axis/internal/agent/context.go:209.8,209.25 1 4
github.com/axis-cli/axis/internal/agent/context.go:209.25,211.3 1 2
github.com/axis-cli/axis/internal/agent/context.go:211.8,211.25 1 2
github.com/axis-cli/axis/internal/agent/context.go:211.25,213.3 1 1
github.com/axis-cli/axis/internal/agent/context.go:213.8,215.3 1 1
github.com/axis-cli/axis/internal/agent/context_builder.go:22.120,28.2 1 16
github.com/axis-cli/axis/internal/agent/context_builder.go:31.81,35.59 2 3
github.com/axis-cli/axis/internal/agent/context_builder.go:35.59,37.3 1 0
github.com/axis-cli/axis/internal/agent/context_builder.go:40.2,41.16 2 3
github.com/axis-cli/axis/internal/agent/context_builder.go:41.16,43.3 1 0
github.com/axis-cli/axis/internal/agent/context_builder.go:44.2,48.16 3 3
github.com/axis-cli/axis/internal/agent/context_builder.go:48.16,50.3 1 0
github.com/axis-cli/axis/internal/agent/context_builder.go:51.2,55.16 3 3
github.com/axis-cli/axis/internal/agent/context_builder.go:55.16,57.3 1 0
github.com/axis-cli/axis/internal/agent/context_builder.go:58.2,60.17 2 3
github.com/axis-cli/axis/internal/agent/context_builder.go:64.85,67.2 2 7
github.com/axis-cli/axis/internal/agent/context_builder.go:70.112,71.21 1 18
github.com/axis-cli/axis/internal/agent/context_builder.go:71.21,73.3 1 1
github.com/axis-cli/axis/internal/agent/context_builder.go:74.2,78.16 3 17
github.com/axis-cli/axis/internal/agent/context_builder.go:78.16,81.27 2 1
github.com/axis-cli/axis/internal/agent/context_builder.go:81.27,82.26 1 0
github.com/axis-cli/axis/internal/agent/context_builder.go:82.26,83.42 1 0
github.com/axis-cli/axis/internal/agent/context_builder.go:83.42,84.73 1 0
github.com/axis-cli/axis/internal/agent/context_builder.go:84.73,86.7 1 0
github.com/axis-cli/axis/internal/agent/context_builder.go:87.6,87.27 1 0
github.com/axis-cli/axis/internal/agent/context_builder.go:89.5,89.15 1 0
github.com/axis-cli/axis/internal/agent/context_builder.go:93.3,93.13 1 1
github.com/axis-cli/axis/internal/agent/context_builder.go:96.2,96.23 1 16
github.com/axis-cli/axis/internal/agent/context_builder.go:96.23,97.49 1 16
github.com/axis-cli/axis/internal/agent/context_builder.go:97.49,98.71 1 11
github.com/axis-cli/axis/internal/agent/context_builder.go:98.71,100.5 1 0
github.com/axis-cli/axis/internal/agent/context_builder.go:101.4,101.25 1 11
github.com/axis-cli/axis/internal/agent/context_builder.go:104.2,104.12 1 16
github.com/axis-cli/axis/internal/agent/context_builder.go:108.72,112.118 2 5
github.com/axis-cli/axis/internal/agent/context_builder.go:112.118,113.17 1 5
github.com/axis-cli/axis/internal/agent/context_builder.go:113.17,115.4 1 5
github.com/axis-cli/axis/internal/agent/context_builder.go:116.3,116.54 1 0
github.com/axis-cli/axis/internal/agent/context_builder.go:116.54,118.4 1 0
github.com/axis-cli/axis/internal/agent/context_builder.go:119.3,119.13 1 0
github.com/axis-cli/axis/internal/agent/context_builder.go:120.17,122.3 1 0
github.com/axis-cli/axis/internal/agent/context_builder.go:125.2,135.22 6 5
github.com/axis-cli/axis/internal/agent/context_builder.go:139.52,142.16 3 7
github.com/axis-cli/axis/internal/agent/context_builder.go:142.16,144.3 1 7
github.com/axis-cli/axis/internal/agent/context_builder.go:145.2,148.29 3 0
github.com/axis-cli/axis/internal/agent/context_builder.go:148.29,149.113 1 0
github.com/axis-cli/axis/internal/agent/context_builder.go:149.113,151.4 1 0
github.com/axis-cli/axis/internal/agent/context_builder.go:153.2,153.18 1 0
github.com/axis-cli/axis/internal/agent/context_builder.go:157.70,162.88 3 6
github.com/axis-cli/axis/internal/agent/context_builder.go:162.88,163.17 1 6
github.com/axis-cli/axis/internal/agent/context_builder.go:163.17,165.4 1 6
github.com/axis-cli/axis/internal/agent/context_builder.go:166.3,166.19 1 0
github.com/axis-cli/axis/internal/agent/context_builder.go:166.19,168.4 1 0
github.com/axis-cli/axis/internal/agent/context_builder.go:169.3,170.17 2 0
github.com/axis-cli/axis/internal/agent/context_builder.go:170.17,172.4 1 0
github.com/axis-cli/axis/internal/agent/context_builder.go:174.3,175.19 2 0
github.com/axis-cli/axis/internal/agent/context_builder.go:175.19,176.48 1 0
github.com/axis-cli/axis/internal/agent/context_builder.go:176.48,178.5 1 0
github.com/axis-cli/axis/internal/agent/context_builder.go:178.10,178.49 1 0
github.com/axis-cli/axis/internal/agent/context_builder.go:178.49,180.5 1 0
github.com/axis-cli/axis/internal/agent/context_builder.go:182.3,182.13 1 0
github.com/axis-cli/axis/internal/agent/context_builder.go:183.17,185.3 1 0
github.com/axis-cli/axis/internal/agent/context_builder.go:188.2,189.91 2 6
github.com/axis-cli/axis/internal/agent/context_builder.go:189.91,190.17 1 6
github.com/axis-cli/axis/internal/agent/context_builder.go:190.17,192.4 1 6
github.com/axis-cli/axis/internal/agent/context_builder.go:193.3,193.54 1 0
github.com/axis-cli/axis/internal/agent/context_builder.go:193.54,195.18 2 0
github.com/axis-cli/axis/internal/agent/context_builder.go:195.18,197.5 1 0
github.com/axis-cli/axis/internal/agent/context_builder.go:198.4,198.56 1 0
github.com/axis-cli/axis/internal/agent/context_builder.go:200.3,200.13 1 0
github.com/axis-cli/axis/internal/agent/context_builder.go:201.17,203.3 1 0
github.com/axis-cli/axis/internal/agent/context_builder.go:205.2,205.22 1 6
github.com/axis-cli/axis/internal/agent/context_builder.go:209.74,213.29 3 4
github.com/axis-cli/axis/internal/agent/context_builder.go:213.29,214.22 1 8
github.com/axis-cli/axis/internal/agent/context_builder.go:215.32,216.27 1 1
github.com/axis-cli/axis/internal/agent/context_builder.go:217.32,218.27 1 5
github.com/axis-cli/axis/internal/agent/context_builder.go:219.34,220.29 1 1
github.com/axis-cli/axis/internal/agent/context_builder.go:221.31,222.26 1 1
github.com/axis-cli/axis/internal/agent/context_builder.go:226.2,226.22 1 4
github.com/axis-cli/axis/internal/agent/context_compressor.go:24.76,28.2 1 19
github.com/axis-cli/axis/internal/agent/context_compressor.go:32.85,33.16 1 9
github.com/axis-cli/axis/internal/agent/context_compressor.go:33.16,35.3 1 1
github.com/axis-cli/axis/internal/agent/context_compressor.go:37.2,37.20 1 8
github.com/axis-cli/axis/internal/agent/context_compressor.go:37.20,39.3 1 1
github.com/axis-cli/axis/internal/agent/context_compressor.go:42.2,43.32 2 8
github.com/axis-cli/axis/internal/agent/context_compressor.go:43.32,45.3 1 5
github.com/axis-cli/axis/internal/agent/context_compressor.go:48.2,50.21 2 3
github.com/axis-cli/axis/internal/agent/context_compressor.go:51.26,52.52 1 2
github.com/axis-cli/axis/internal/agent/context_compressor.go:53.25,54.51 1 1
github.com/axis-cli/axis/internal/agent/context_compressor.go:55.25,56.51 1 0
github.com/axis-cli/axis/internal/agent/context_compressor.go:57.10,58.52 1 0
github.com/axis-cli/axis/internal/agent/context_compressor.go:61.2,61.15 1 3
github.com/axis-cli/axis/internal/agent/context_compressor.go:66.67,67.16 1 23
github.com/axis-cli/axis/internal/agent/context_compressor.go:67.16,69.3 1 1
github.com/axis-cli/axis/internal/agent/context_compressor.go:71.2,80.29 4 22
github.com/axis-cli/axis/internal/agent/context_compressor.go:80.29,86.3 5 17
github.com/axis-cli/axis/internal/agent/context_compressor.go:89.2,89.28 1 22
github.com/axis-cli/axis/internal/agent/context_compressor.go:89.28,94.3 4 13
github.com/axis-cli/axis/internal/agent/context_compressor.go:97.2,97.30 1 22
github.com/axis-cli/axis/internal/agent/context_compressor.go:97.30,103.3 5 21
github.com/axis-cli/axis/internal/agent/context_compressor.go:106.2,108.15 2 22
github.com/axis-cli/axis/internal/agent/context_compressor.go:112.95,127.30 2 5
github.com/axis-cli/axis/internal/agent/context_compressor.go:127.30,129.3 1 4
github.com/axis-cli/axis/internal/agent/context_compressor.go:132.2,132.29 1 5
github.com/axis-cli/axis/internal/agent/context_compressor.go:132.29,142.30 4 4
github.com/axis-cli/axis/internal/agent/context_compressor.go:142.30,144.4 1 0
github.com/axis-cli/axis/internal/agent/context_compressor.go:144.9,146.67 1 4
github.com/axis-cli/axis/internal/agent/context_compressor.go:146.67,148.5 1 383
github.com/axis-cli/axis/internal/agent/context_compressor.go:149.4,150.70 2 4
github.com/axis-cli/axis/internal/agent/context_compressor.go:150.70,152.5 1 0
github.com/axis-cli/axis/internal/agent/context_compressor.go:157.2,157.28 1 5
github.com/axis-cli/axis/internal/agent/context_compressor.go:157.28,163.29 4 4
github.com/axis-cli/axis/internal/agent/context_compressor.go:163.29,165.4 1 0
github.com/axis-cli/axis/internal/agent/context_compressor.go:165.9,170.21 3 4
github.com/axis-cli/axis/internal/agent/context_compressor.go:170.21,171.48 1 0
github.com/axis-cli/axis/internal/agent/context_compressor.go:171.48,172.24 1 0
github.com/axis-cli/axis/internal/agent/context_compressor.go:172.24,173.12 1 0
github.com/axis-cli/axis/internal/agent/context_compressor.go:175.6,176.21 2 0
github.com/axis-cli/axis/internal/agent/context_compressor.go:180.4,180.21 1 4
github.com/axis-cli/axis/internal/agent/context_compressor.go:180.21,181.47 1 0
github.com/axis-cli/axis/internal/agent/context_compressor.go:181.47,182.24 1 0
github.com/axis-cli/axis/internal/agent/context_compressor.go:182.24,183.12 1 0
github.com/axis-cli/axis/internal/agent/context_compressor.go:185.6,186.21 2 0
github.com/axis-cli/axis/internal/agent/context_compressor.go:192.2,192.15 1 5
github.com/axis-cli/axis/internal/agent/context_compressor.go:196.94,203.47 4 2
github.com/axis-cli/axis/internal/agent/context_compressor.go:203.47,205.20 2 1
github.com/axis-cli/axis/internal/agent/context_compressor.go:205.20,207.4 1 1
github.com/axis-cli/axis/internal/agent/context_compressor.go:209.3,209.72 1 1
github.com/axis-cli/axis/internal/agent/context_compressor.go:212.2,212.15 1 2
github.com/axis-cli/axis/internal/agent/context_compressor.go:216.94,224.30 2 2
github.com/axis-cli/axis/internal/agent/context_compressor.go:224.30,226.12 2 1
github.com/axis-cli/axis/internal/agent/context_compressor.go:226.12,228.4 1 1
github.com/axis-cli/axis/internal/agent/context_compressor.go:229.3,229.64 1 1
github.com/axis-cli/axis/internal/agent/context_compressor.go:233.2,236.29 2 2
github.com/axis-cli/axis/internal/agent/context_compressor.go:236.29,243.47 2 1
github.com/axis-cli/axis/internal/agent/context_compressor.go:243.47,245.4 1 1
github.com/axis-cli/axis/internal/agent/context_compressor.go:245.9,247.4 1 0
github.com/axis-cli/axis/internal/agent/context_compressor.go:251.2,251.28 1 2
github.com/axis-cli/axis/internal/agent/context_compressor.go:251.28,254.41 2 1
github.com/axis-cli/axis/internal/agent/context_compressor.go:254.41,256.4 1 1
github.com/axis-cli/axis/internal/agent/context_compressor.go:256.9,258.4 1 0
github.com/axis-cli/axis/internal/agent/context_compressor.go:259.3,259.40 1 1
github.com/axis-cli/axis/internal/agent/context_compressor.go:259.40,261.4 1 0
github.com/axis-cli/axis/internal/agent/context_compressor.go:261.9,263.4 1 1
github.com/axis-cli/axis/internal/agent/context_compressor.go:264.3,264.39 1 1
github.com/axis-cli/axis/internal/agent/context_compressor.go:264.39,266.4 1 0
github.com/axis-cli/axis/internal/agent/context_compressor.go:266.9,268.4 1 1
github.com/axis-cli/axis/internal/agent/context_compressor.go:271.2,271.15 1 2
github.com/axis-cli/axis/internal/agent/context_compressor.go:275.60,276.39 1 4
github.com/axis-cli/axis/internal/agent/context_compressor.go:276.39,278.3 1 3
github.com/axis-cli/axis/internal/agent/context_compressor.go:281.2,283.41 3 1
github.com/axis-cli/axis/internal/agent/context_compressor.go:283.41,285.3 1 19
github.com/axis-cli/axis/internal/agent/context_compressor.go:287.2,289.27 3 1
github.com/axis-cli/axis/internal/agent/context_compressor.go:289.27,291.36 2 5
github.com/axis-cli/axis/internal/agent/context_compressor.go:291.36,292.9 1 1
github.com/axis-cli/axis/internal/agent/context_compressor.go:294.3,295.23 2 4
github.com/axis-cli/axis/internal/agent/context_compressor.go:298.2,298.15 1 1
github.com/axis-cli/axis/internal/agent/followup.go:13.106,14.53 1 0
github.com/axis-cli/axis/internal/agent/followup.go:14.53,16.3 1 0
github.com/axis-cli/axis/internal/agent/followup.go:18.2,21.48 3 0
github.com/axis-cli/axis/internal/agent/followup.go:21.48,23.19 2 0
github.com/axis-cli/axis/internal/agent/followup.go:23.19,25.4 1 0
github.com/axis-cli/axis/internal/agent/followup.go:28.3,34.38 5 0
github.com/axis-cli/axis/internal/agent/followup.go:34.38,36.4 1 0
github.com/axis-cli/axis/internal/agent/followup.go:37.3,37.36 1 0
github.com/axis-cli/axis/internal/agent/followup.go:37.36,39.4 1 0
github.com/axis-cli/axis/internal/agent/followup.go:41.3,46.39 4 0
github.com/axis-cli/axis/internal/agent/followup.go:46.39,48.4 1 0
github.com/axis-cli/axis/internal/agent/followup.go:49.3,51.37 3 0
github.com/axis-cli/axis/internal/agent/followup.go:51.37,53.4 1 0
github.com/axis-cli/axis/internal/agent/followup.go:54.3,54.38 1 0
github.com/axis-cli/axis/internal/agent/followup.go:54.38,56.4 1 0
github.com/axis-cli/axis/internal/agent/followup.go:58.3,68.30 2 0
github.com/axis-cli/axis/internal/agent/followup.go:71.2,71.14 1 0
github.com/axis-cli/axis/internal/agent/followup.go:76.106,77.19 1 0
github.com/axis-cli/axis/internal/agent/followup.go:77.19,79.3 1 0
github.com/axis-cli/axis/internal/agent/followup.go:82.2,83.9 2 0
github.com/axis-cli/axis/internal/agent/followup.go:83.9,85.3 1 0
github.com/axis-cli/axis/internal/agent/followup.go:87.2,88.9 2 0
github.com/axis-cli/axis/internal/agent/followup.go:88.9,90.3 1 0
github.com/axis-cli/axis/internal/agent/followup.go:92.2,95.44 3 0
github.com/axis-cli/axis/internal/agent/followup.go:95.44,118.3 3 0
github.com/axis-cli/axis/internal/agent/followup.go:120.2,120.14 1 0
github.com/axis-cli/axis/internal/agent/followup.go:124.92,129.2 1 0
github.com/axis-cli/axis/internal/agent/followup.go:132.67,133.25 1 0
github.com/axis-cli/axis/internal/agent/followup.go:133.25,135.3 1 0
github.com/axis-cli/axis/internal/agent/followup.go:138.2,138.64 1 0
github.com/axis-cli/axis/internal/agent/followup.go:138.64,139.17 1 0
github.com/axis-cli/axis/internal/agent/followup.go:140.19,141.26 1 0
github.com/axis-cli/axis/internal/agent/followup.go:142.19,143.26 1 0
github.com/axis-cli/axis/internal/agent/followup.go:144.24,145.31 1 0
github.com/axis-cli/axis/internal/agent/followup.go:150.2,150.83 1 0
github.com/axis-cli/axis/internal/agent/followup.go:150.83,152.3 1 0
github.com/axis-cli/axis/internal/agent/followup.go:154.2,154.21 1 0
github.com/axis-cli/axis/internal/agent/mock_executor.go:23.90,47.2 2 0
github.com/axis-cli/axis/internal/agent/mock_executor.go:51.117,57.21 4 0
github.com/axis-cli/axis/internal/agent/mock_executor.go:57.21,59.3 1 0
github.com/axis-cli/axis/internal/agent/mock_executor.go:62.2,62.60 1 0
github.com/axis-cli/axis/internal/agent/mock_executor.go:62.60,64.3 1 0
github.com/axis-cli/axis/internal/agent/mock_executor.go:67.2,68.46 2 0
github.com/axis-cli/axis/internal/agent/mock_executor.go:68.46,69.57 1 0
github.com/axis-cli/axis/internal/agent/mock_executor.go:69.57,71.4 1 0
github.com/axis-cli/axis/internal/agent/mock_executor.go:75.2,76.21 2 0
github.com/axis-cli/axis/internal/agent/mock_executor.go:76.21,77.36 1 0
github.com/axis-cli/axis/internal/agent/mock_executor.go:77.36,79.4 1 0
github.com/axis-cli/axis/internal/agent/mock_executor.go:80.3,80.28 1 0
github.com/axis-cli/axis/internal/agent/mock_executor.go:80.28,82.4 1 0
github.com/axis-cli/axis/internal/agent/mock_executor.go:85.2,89.27 3 0
github.com/axis-cli/axis/internal/agent/mock_executor.go:89.27,91.21 2 0
github.com/axis-cli/axis/internal/agent/mock_executor.go:91.21,93.4 1 0
github.com/axis-cli/axis/internal/agent/mock_executor.go:93.9,93.31 1 0
github.com/axis-cli/axis/internal/agent/mock_executor.go:93.31,95.44 2 0
github.com/axis-cli/axis/internal/agent/mock_executor.go:95.44,97.5 1 0
github.com/axis-cli/axis/internal/agent/mock_executor.go:99.8,102.3 1 0
github.com/axis-cli/axis/internal/agent/mock_executor.go:105.2,120.16 5 0
github.com/axis-cli/axis/internal/agent/mock_executor.go:120.16,122.3 1 0
github.com/axis-cli/axis/internal/agent/mock_executor.go:125.2,127.20 2 0
github.com/axis-cli/axis/internal/agent/mock_executor.go:131.62,135.2 3 0
github.com/axis-cli/axis/internal/agent/mock_executor.go:138.67,142.2 3 0
github.com/axis-cli/axis/internal/agent/mock_executor.go:145.112,151.18 4 0
github.com/axis-cli/axis/internal/agent/mock_executor.go:152.25,155.20 3 0
github.com/axis-cli/axis/internal/agent/mock_executor.go:156.19,159.20 3 0
github.com/axis-cli/axis/internal/agent/mock_executor.go:160.21,163.20 3 0
github.com/axis-cli/axis/internal/agent/mock_executor.go:164.18,167.20 3 0
github.com/axis-cli/axis/internal/agent/mock_executor.go:168.10,170.20 2 0
github.com/axis-cli/axis/internal/agent/mock_executor.go:173.2,177.3 1 0
github.com/axis-cli/axis/internal/agent/mock_executor.go:181.110,182.17 1 0
github.com/axis-cli/axis/internal/agent/mock_executor.go:182.17,184.3 1 0
github.com/axis-cli/axis/internal/agent/mock_executor.go:186.2,195.9 3 0
github.com/axis-cli/axis/internal/agent/mock_executor.go:195.9,197.3 1 0
github.com/axis-cli/axis/internal/agent/mock_executor.go:199.2,202.44 3 0
github.com/axis-cli/axis/internal/agent/mock_executor.go:202.44,221.3 3 0
github.com/axis-cli/axis/internal/agent/mock_executor.go:223.2,223.14 1 0
github.com/axis-cli/axis/internal/agent/mock_executor.go:227.83,228.18 1 0
github.com/axis-cli/axis/internal/agent/mock_executor.go:229.25,230.71 1 0
github.com/axis-cli/axis/internal/agent/mock_executor.go:231.19,232.65 1 0
github.com/axis-cli/axis/internal/agent/mock_executor.go:233.21,234.75 1 0
github.com/axis-cli/axis/internal/agent/mock_executor.go:235.18,236.63 1 0
github.com/axis-cli/axis/internal/agent/mock_executor.go:237.10,238.67 1 0
github.com/axis-cli/axis/internal/agent/mock_executor.go:243.91,244.18 1 0
github.com/axis-cli/axis/internal/agent/mock_executor.go:245.25,251.4 1 0
github.com/axis-cli/axis/internal/agent/mock_executor.go:252.19,258.4 1 0
github.com/axis-cli/axis/internal/agent/mock_executor.go:259.21,265.4 1 0
github.com/axis-cli/axis/internal/agent/mock_executor.go:266.10,272.4 1 0
github.com/axis-cli/axis/internal/agent/mock_executor.go:277.96,279.39 2 0
github.com/axis-cli/axis/internal/agent/mock_executor.go:279.39,281.3 1 0
github.com/axis-cli/axis/internal/agent/mock_executor.go:282.2,282.39 1 0
github.com/axis-cli/axis/internal/agent/mock_executor.go:282.39,284.3 1 0
github.com/axis-cli/axis/internal/agent/mock_executor.go:285.2,285.32 1 0
