mode: atomic
github.com/axis-cli/axis/internal/kernel/lifecycle/lifecycle.go:25.50,34.2 4 3
github.com/axis-cli/axis/internal/kernel/lifecycle/lifecycle.go:37.69,41.20 4 3
github.com/axis-cli/axis/internal/kernel/lifecycle/lifecycle.go:41.20,43.3 1 3
github.com/axis-cli/axis/internal/kernel/lifecycle/lifecycle.go:44.2,44.16 1 3
github.com/axis-cli/axis/internal/kernel/lifecycle/lifecycle.go:48.69,50.17 2 4
github.com/axis-cli/axis/internal/kernel/lifecycle/lifecycle.go:50.17,53.3 2 1
github.com/axis-cli/axis/internal/kernel/lifecycle/lifecycle.go:54.2,58.9 4 3
github.com/axis-cli/axis/internal/kernel/lifecycle/lifecycle.go:59.17,60.13 1 2
github.com/axis-cli/axis/internal/kernel/lifecycle/lifecycle.go:61.20,62.19 1 1
github.com/axis-cli/axis/internal/kernel/lifecycle/lifecycle.go:67.50,71.2 3 2
github.com/axis-cli/axis/internal/model/provider/mock.go:8.48,10.2 1 3
github.com/axis-cli/axis/internal/model/provider/mock.go:12.101,14.30 2 2
github.com/axis-cli/axis/internal/model/provider/mock.go:14.30,16.3 1 1
github.com/axis-cli/axis/internal/model/provider/mock.go:17.2,20.44 4 2
github.com/axis-cli/axis/internal/human/executor/executor.go:26.44,30.2 1 6
github.com/axis-cli/axis/internal/human/executor/executor.go:33.102,38.46 3 7
github.com/axis-cli/axis/internal/human/executor/executor.go:38.46,40.3 1 1
github.com/axis-cli/axis/internal/human/executor/executor.go:43.2,49.20 3 6
github.com/axis-cli/axis/internal/human/executor/executor.go:53.84,58.13 4 4
github.com/axis-cli/axis/internal/human/executor/executor.go:58.13,60.3 1 1
github.com/axis-cli/axis/internal/human/executor/executor.go:61.2,61.25 1 3
github.com/axis-cli/axis/internal/human/executor/executor.go:65.96,70.13 4 5
github.com/axis-cli/axis/internal/human/executor/executor.go:70.13,72.3 1 1
github.com/axis-cli/axis/internal/human/executor/executor.go:74.2,74.44 1 4
github.com/axis-cli/axis/internal/human/executor/executor.go:74.44,76.3 1 1
github.com/axis-cli/axis/internal/human/executor/executor.go:78.2,78.16 1 3
github.com/axis-cli/axis/internal/human/executor/executor.go:78.16,81.3 2 1
github.com/axis-cli/axis/internal/human/executor/executor.go:81.8,84.3 2 2
github.com/axis-cli/axis/internal/human/executor/executor.go:86.2,87.12 2 3
github.com/axis-cli/axis/internal/kernel/scheduler/scheduler.go:38.97,45.2 1 19
github.com/axis-cli/axis/internal/kernel/scheduler/scheduler.go:48.61,52.30 3 27
github.com/axis-cli/axis/internal/kernel/scheduler/scheduler.go:52.30,54.3 1 1
github.com/axis-cli/axis/internal/kernel/scheduler/scheduler.go:57.2,57.108 1 26
github.com/axis-cli/axis/internal/kernel/scheduler/scheduler.go:57.108,59.3 1 1
github.com/axis-cli/axis/internal/kernel/scheduler/scheduler.go:62.2,62.49 1 25
github.com/axis-cli/axis/internal/kernel/scheduler/scheduler.go:62.49,64.3 1 1
github.com/axis-cli/axis/internal/kernel/scheduler/scheduler.go:67.2,79.62 6 24
github.com/axis-cli/axis/internal/kernel/scheduler/scheduler.go:79.62,81.3 1 0
github.com/axis-cli/axis/internal/kernel/scheduler/scheduler.go:83.2,83.12 1 24
github.com/axis-cli/axis/internal/kernel/scheduler/scheduler.go:87.121,91.35 2 30
github.com/axis-cli/axis/internal/kernel/scheduler/scheduler.go:91.35,92.19 1 7
github.com/axis-cli/axis/internal/kernel/scheduler/scheduler.go:92.19,94.4 1 1
github.com/axis-cli/axis/internal/kernel/scheduler/scheduler.go:95.3,95.45 1 6
github.com/axis-cli/axis/internal/kernel/scheduler/scheduler.go:95.45,96.88 1 4
github.com/axis-cli/axis/internal/kernel/scheduler/scheduler.go:96.88,98.5 1 1
github.com/axis-cli/axis/internal/kernel/scheduler/scheduler.go:103.2,104.12 2 28
github.com/axis-cli/axis/internal/kernel/scheduler/scheduler.go:108.53,113.13 4 3
github.com/axis-cli/axis/internal/kernel/scheduler/scheduler.go:113.13,115.3 1 1
github.com/axis-cli/axis/internal/kernel/scheduler/scheduler.go:118.2,118.44 1 2
github.com/axis-cli/axis/internal/kernel/scheduler/scheduler.go:118.44,120.3 1 1
github.com/axis-cli/axis/internal/kernel/scheduler/scheduler.go:123.2,123.28 1 1
github.com/axis-cli/axis/internal/kernel/scheduler/scheduler.go:123.28,124.25 1 1
github.com/axis-cli/axis/internal/kernel/scheduler/scheduler.go:124.25,126.9 2 1
github.com/axis-cli/axis/internal/kernel/scheduler/scheduler.go:131.2,134.52 2 1
github.com/axis-cli/axis/internal/kernel/scheduler/scheduler.go:134.52,136.3 1 0
github.com/axis-cli/axis/internal/kernel/scheduler/scheduler.go:138.2,138.12 1 1
github.com/axis-cli/axis/internal/kernel/scheduler/scheduler.go:142.76,147.13 4 7
github.com/axis-cli/axis/internal/kernel/scheduler/scheduler.go:147.13,149.3 1 1
github.com/axis-cli/axis/internal/kernel/scheduler/scheduler.go:150.2,150.25 1 6
github.com/axis-cli/axis/internal/kernel/scheduler/scheduler.go:154.65,156.16 2 9
github.com/axis-cli/axis/internal/kernel/scheduler/scheduler.go:156.16,158.3 1 1
github.com/axis-cli/axis/internal/kernel/scheduler/scheduler.go:159.2,159.21 1 8
github.com/axis-cli/axis/internal/kernel/scheduler/scheduler.go:159.21,161.3 1 1
github.com/axis-cli/axis/internal/kernel/scheduler/scheduler.go:162.2,162.22 1 7
github.com/axis-cli/axis/internal/kernel/scheduler/scheduler.go:165.78,169.30 3 15
github.com/axis-cli/axis/internal/kernel/scheduler/scheduler.go:169.30,171.3 1 1
github.com/axis-cli/axis/internal/kernel/scheduler/scheduler.go:173.2,174.31 2 14
github.com/axis-cli/axis/internal/kernel/scheduler/scheduler.go:174.31,175.45 1 32
github.com/axis-cli/axis/internal/kernel/scheduler/scheduler.go:175.45,176.53 1 16
github.com/axis-cli/axis/internal/kernel/scheduler/scheduler.go:176.53,185.65 5 14
github.com/axis-cli/axis/internal/kernel/scheduler/scheduler.go:185.65,189.6 3 0
github.com/axis-cli/axis/internal/kernel/scheduler/scheduler.go:191.5,192.46 2 14
github.com/axis-cli/axis/internal/kernel/scheduler/scheduler.go:192.46,193.11 1 8
github.com/axis-cli/axis/internal/kernel/scheduler/scheduler.go:199.2,199.24 1 14
github.com/axis-cli/axis/internal/kernel/scheduler/scheduler.go:203.78,204.37 1 16
github.com/axis-cli/axis/internal/kernel/scheduler/scheduler.go:204.37,206.14 2 5
github.com/axis-cli/axis/internal/kernel/scheduler/scheduler.go:206.14,208.4 1 1
github.com/axis-cli/axis/internal/kernel/scheduler/scheduler.go:209.3,209.44 1 4
github.com/axis-cli/axis/internal/kernel/scheduler/scheduler.go:209.44,210.12 1 1
github.com/axis-cli/axis/internal/kernel/scheduler/scheduler.go:212.3,212.47 1 3
github.com/axis-cli/axis/internal/kernel/scheduler/scheduler.go:212.47,214.4 1 1
github.com/axis-cli/axis/internal/kernel/scheduler/scheduler.go:216.2,216.13 1 14
github.com/axis-cli/axis/internal/kernel/scheduler/scheduler.go:220.88,225.13 4 15
github.com/axis-cli/axis/internal/kernel/scheduler/scheduler.go:225.13,227.3 1 1
github.com/axis-cli/axis/internal/kernel/scheduler/scheduler.go:229.2,232.16 3 14
github.com/axis-cli/axis/internal/kernel/scheduler/scheduler.go:233.31,234.24 1 4
github.com/axis-cli/axis/internal/kernel/scheduler/scheduler.go:235.57,236.26 1 10
github.com/axis-cli/axis/internal/kernel/scheduler/scheduler.go:240.2,244.57 2 14
github.com/axis-cli/axis/internal/kernel/scheduler/scheduler.go:244.57,246.3 1 0
github.com/axis-cli/axis/internal/kernel/scheduler/scheduler.go:248.2,248.12 1 14
github.com/axis-cli/axis/internal/kernel/sharedlayer/state_store.go:25.46,29.2 1 3
github.com/axis-cli/axis/internal/kernel/sharedlayer/state_store.go:32.77,37.2 4 2
github.com/axis-cli/axis/internal/kernel/sharedlayer/state_store.go:40.73,44.13 4 3
github.com/axis-cli/axis/internal/kernel/sharedlayer/state_store.go:44.13,46.3 1 2
github.com/axis-cli/axis/internal/kernel/sharedlayer/state_store.go:47.2,47.19 1 1
github.com/axis-cli/axis/internal/kernel/sharedlayer/state_store.go:51.56,56.2 4 1
github.com/axis-cli/axis/internal/types/types.go:115.37,116.20 1 2
github.com/axis-cli/axis/internal/types/types.go:116.20,118.3 1 1
github.com/axis-cli/axis/internal/types/types.go:119.2,119.50 1 1
github.com/axis-cli/axis/internal/types/types.go:122.37,124.2 1 2
github.com/axis-cli/axis/internal/types/types.go:126.64,128.2 1 3
github.com/axis-cli/axis/internal/types/types.go:130.86,132.2 1 3
github.com/axis-cli/axis/internal/kernel/dispatcher/dispatcher.go:27.115,33.2 1 6
github.com/axis-cli/axis/internal/kernel/dispatcher/dispatcher.go:36.106,44.12 5 5
github.com/axis-cli/axis/internal/kernel/dispatcher/dispatcher.go:44.12,46.10 1 5
github.com/axis-cli/axis/internal/kernel/dispatcher/dispatcher.go:47.21,48.10 1 1
github.com/axis-cli/axis/internal/kernel/dispatcher/dispatcher.go:49.28,50.10 1 0
github.com/axis-cli/axis/internal/kernel/dispatcher/dispatcher.go:51.11,53.18 2 4
github.com/axis-cli/axis/internal/kernel/dispatcher/dispatcher.go:53.18,55.5 1 2
github.com/axis-cli/axis/internal/kernel/dispatcher/dispatcher.go:55.10,57.5 1 2
github.com/axis-cli/axis/internal/kernel/dispatcher/dispatcher.go:61.2,61.9 1 5
github.com/axis-cli/axis/internal/kernel/dispatcher/dispatcher.go:62.27,69.16 2 1
github.com/axis-cli/axis/internal/kernel/dispatcher/dispatcher.go:70.30,71.21 1 2
github.com/axis-cli/axis/internal/kernel/dispatcher/dispatcher.go:72.24,78.9 1 2
github.com/axis-cli/axis/internal/kernel/dispatcher/dispatcher.go:83.88,85.16 2 4
github.com/axis-cli/axis/internal/kernel/dispatcher/dispatcher.go:85.16,92.3 1 2
github.com/axis-cli/axis/internal/kernel/dispatcher/dispatcher.go:94.2,99.8 1 2
github.com/axis-cli/axis/internal/kernel/orchestrator/orchestrator.go:43.38,66.2 9 18
github.com/axis-cli/axis/internal/kernel/orchestrator/orchestrator.go:69.57,73.15 3 11
github.com/axis-cli/axis/internal/kernel/orchestrator/orchestrator.go:73.15,75.3 1 1
github.com/axis-cli/axis/internal/kernel/orchestrator/orchestrator.go:78.2,81.12 2 10
github.com/axis-cli/axis/internal/kernel/orchestrator/orchestrator.go:81.12,84.3 2 10
github.com/axis-cli/axis/internal/kernel/orchestrator/orchestrator.go:86.2,86.12 1 10
github.com/axis-cli/axis/internal/kernel/orchestrator/orchestrator.go:90.57,91.6 1 10
github.com/axis-cli/axis/internal/kernel/orchestrator/orchestrator.go:91.6,92.10 1 34
github.com/axis-cli/axis/internal/kernel/orchestrator/orchestrator.go:93.21,94.10 1 2
github.com/axis-cli/axis/internal/kernel/orchestrator/orchestrator.go:95.26,95.26 0 13
github.com/axis-cli/axis/internal/kernel/orchestrator/orchestrator.go:96.11,96.11 0 19
github.com/axis-cli/axis/internal/kernel/orchestrator/orchestrator.go:99.3,100.38 2 32
github.com/axis-cli/axis/internal/kernel/orchestrator/orchestrator.go:100.38,103.4 2 7
github.com/axis-cli/axis/internal/kernel/orchestrator/orchestrator.go:104.3,107.21 3 25
github.com/axis-cli/axis/internal/kernel/orchestrator/orchestrator.go:107.21,108.11 1 1
github.com/axis-cli/axis/internal/kernel/orchestrator/orchestrator.go:109.22,110.11 1 0
github.com/axis-cli/axis/internal/kernel/orchestrator/orchestrator.go:111.46,111.46 0 1
github.com/axis-cli/axis/internal/kernel/orchestrator/orchestrator.go:113.4,113.12 1 1
github.com/axis-cli/axis/internal/kernel/orchestrator/orchestrator.go:116.3,117.17 2 24
github.com/axis-cli/axis/internal/kernel/orchestrator/orchestrator.go:117.17,120.12 3 0
github.com/axis-cli/axis/internal/kernel/orchestrator/orchestrator.go:123.3,123.22 1 24
github.com/axis-cli/axis/internal/kernel/orchestrator/orchestrator.go:123.22,124.11 1 11
github.com/axis-cli/axis/internal/kernel/orchestrator/orchestrator.go:125.27,125.27 0 10
github.com/axis-cli/axis/internal/kernel/orchestrator/orchestrator.go:126.22,127.11 1 1
github.com/axis-cli/axis/internal/kernel/orchestrator/orchestrator.go:128.46,128.46 0 0
github.com/axis-cli/axis/internal/kernel/orchestrator/orchestrator.go:130.4,130.12 1 10
github.com/axis-cli/axis/internal/kernel/orchestrator/orchestrator.go:133.3,133.30 1 13
github.com/axis-cli/axis/internal/kernel/orchestrator/orchestrator.go:133.30,136.32 3 18
github.com/axis-cli/axis/internal/kernel/orchestrator/orchestrator.go:136.32,138.18 2 18
github.com/axis-cli/axis/internal/kernel/orchestrator/orchestrator.go:138.18,138.35 1 18
github.com/axis-cli/axis/internal/kernel/orchestrator/orchestrator.go:139.5,139.26 1 18
github.com/axis-cli/axis/internal/kernel/orchestrator/orchestrator.go:146.80,151.16 3 18
github.com/axis-cli/axis/internal/kernel/orchestrator/orchestrator.go:151.16,154.3 2 0
github.com/axis-cli/axis/internal/kernel/orchestrator/orchestrator.go:155.2,155.90 1 18
github.com/axis-cli/axis/internal/kernel/orchestrator/orchestrator.go:155.90,158.3 2 0
github.com/axis-cli/axis/internal/kernel/orchestrator/orchestrator.go:161.2,161.91 1 18
github.com/axis-cli/axis/internal/kernel/orchestrator/orchestrator.go:161.91,164.3 2 0
github.com/axis-cli/axis/internal/kernel/orchestrator/orchestrator.go:166.2,166.53 1 18
github.com/axis-cli/axis/internal/kernel/orchestrator/orchestrator.go:166.53,168.20 2 22
github.com/axis-cli/axis/internal/kernel/orchestrator/orchestrator.go:168.20,172.4 3 3
github.com/axis-cli/axis/internal/kernel/orchestrator/orchestrator.go:174.3,175.88 2 22
github.com/axis-cli/axis/internal/kernel/orchestrator/orchestrator.go:175.88,176.95 1 15
github.com/axis-cli/axis/internal/kernel/orchestrator/orchestrator.go:176.95,178.5 1 0
github.com/axis-cli/axis/internal/kernel/orchestrator/orchestrator.go:179.4,180.10 2 15
github.com/axis-cli/axis/internal/kernel/orchestrator/orchestrator.go:183.3,183.27 1 7
github.com/axis-cli/axis/internal/kernel/orchestrator/orchestrator.go:183.27,185.12 2 4
github.com/axis-cli/axis/internal/kernel/orchestrator/orchestrator.go:189.3,190.22 2 3
github.com/axis-cli/axis/internal/kernel/orchestrator/orchestrator.go:190.22,192.4 1 0
github.com/axis-cli/axis/internal/kernel/orchestrator/orchestrator.go:192.9,192.56 1 3
github.com/axis-cli/axis/internal/kernel/orchestrator/orchestrator.go:192.56,194.4 1 0
github.com/axis-cli/axis/internal/kernel/orchestrator/orchestrator.go:195.3,195.21 1 3
github.com/axis-cli/axis/internal/kernel/orchestrator/orchestrator.go:195.21,198.4 1 2
github.com/axis-cli/axis/internal/kernel/orchestrator/orchestrator.go:199.3,199.91 1 3
github.com/axis-cli/axis/internal/kernel/orchestrator/orchestrator.go:199.91,201.4 1 0
github.com/axis-cli/axis/internal/kernel/orchestrator/orchestrator.go:202.3,203.9 2 3
github.com/axis-cli/axis/internal/kernel/orchestrator/orchestrator.go:208.75,209.50 1 21
github.com/axis-cli/axis/internal/kernel/orchestrator/orchestrator.go:209.50,210.44 1 4
github.com/axis-cli/axis/internal/kernel/orchestrator/orchestrator.go:210.44,212.4 1 3
github.com/axis-cli/axis/internal/kernel/orchestrator/orchestrator.go:214.2,214.51 1 21
github.com/axis-cli/axis/internal/kernel/orchestrator/orchestrator.go:214.51,215.44 1 7
github.com/axis-cli/axis/internal/kernel/orchestrator/orchestrator.go:215.44,217.4 1 6
github.com/axis-cli/axis/internal/kernel/orchestrator/orchestrator.go:219.2,219.8 1 21
github.com/axis-cli/axis/internal/kernel/orchestrator/orchestrator.go:223.64,224.60 1 24
github.com/axis-cli/axis/internal/kernel/orchestrator/orchestrator.go:224.60,226.3 1 2
github.com/axis-cli/axis/internal/kernel/orchestrator/orchestrator.go:228.2,228.49 1 22
github.com/axis-cli/axis/internal/kernel/orchestrator/orchestrator.go:228.49,230.3 1 1
github.com/axis-cli/axis/internal/kernel/orchestrator/orchestrator.go:233.2,233.9 1 21
github.com/axis-cli/axis/internal/kernel/orchestrator/orchestrator.go:234.37,234.37 0 16
github.com/axis-cli/axis/internal/kernel/orchestrator/orchestrator.go:235.10,235.10 0 5
github.com/axis-cli/axis/internal/kernel/orchestrator/orchestrator.go:239.2,239.12 1 21
github.com/axis-cli/axis/internal/kernel/orchestrator/orchestrator.go:243.79,245.2 1 22
github.com/axis-cli/axis/internal/kernel/orchestrator/orchestrator.go:248.78,250.2 1 14
github.com/axis-cli/axis/internal/kernel/orchestrator/orchestrator.go:253.60,259.9 4 16
github.com/axis-cli/axis/internal/kernel/orchestrator/orchestrator.go:260.37,260.37 0 13
github.com/axis-cli/axis/internal/kernel/orchestrator/orchestrator.go:261.10,261.10 0 3
github.com/axis-cli/axis/internal/kernel/orchestrator/orchestrator.go:265.2,265.41 1 16
github.com/axis-cli/axis/internal/kernel/orchestrator/orchestrator.go:269.41,273.2 3 5
github.com/axis-cli/axis/internal/contract/admission/admission.go:23.86,25.2 1 14
github.com/axis-cli/axis/internal/contract/admission/admission.go:29.72,30.23 1 14
github.com/axis-cli/axis/internal/contract/admission/admission.go:30.23,32.3 1 1
github.com/axis-cli/axis/internal/contract/admission/admission.go:34.2,34.27 1 13
github.com/axis-cli/axis/internal/contract/admission/admission.go:34.27,36.3 1 1
github.com/axis-cli/axis/internal/contract/admission/admission.go:38.2,38.86 1 12
github.com/axis-cli/axis/internal/contract/admission/admission.go:38.86,40.3 1 2
github.com/axis-cli/axis/internal/contract/admission/admission.go:42.2,42.42 1 10
github.com/axis-cli/axis/internal/contract/admission/admission.go:42.42,44.3 1 5
github.com/axis-cli/axis/internal/contract/admission/admission.go:46.2,46.12 1 5
github.com/axis-cli/axis/internal/contract/admission/admission.go:50.47,51.55 1 10
github.com/axis-cli/axis/internal/contract/admission/admission.go:51.55,53.28 2 4
github.com/axis-cli/axis/internal/contract/admission/admission.go:53.28,55.4 1 3
github.com/axis-cli/axis/internal/contract/admission/admission.go:57.2,57.56 1 7
github.com/axis-cli/axis/internal/contract/admission/admission.go:57.56,59.26 2 2
github.com/axis-cli/axis/internal/contract/admission/admission.go:59.26,61.4 1 1
github.com/axis-cli/axis/internal/contract/admission/admission.go:63.2,63.58 1 6
github.com/axis-cli/axis/internal/contract/admission/admission.go:63.58,64.14 1 2
github.com/axis-cli/axis/internal/contract/admission/admission.go:64.14,66.4 1 1
github.com/axis-cli/axis/internal/contract/admission/admission.go:68.2,68.12 1 5
github.com/axis-cli/axis/internal/contract/executor/executor.go:29.50,33.2 1 24
github.com/axis-cli/axis/internal/contract/executor/executor.go:36.86,41.59 3 22
github.com/axis-cli/axis/internal/contract/executor/executor.go:41.59,43.3 1 1
github.com/axis-cli/axis/internal/contract/executor/executor.go:45.2,46.12 2 21
github.com/axis-cli/axis/internal/contract/executor/executor.go:50.70,54.2 3 3
github.com/axis-cli/axis/internal/contract/executor/executor.go:57.113,58.59 1 5
github.com/axis-cli/axis/internal/contract/executor/executor.go:58.59,62.3 1 2
github.com/axis-cli/axis/internal/contract/executor/executor.go:64.2,68.14 4 3
github.com/axis-cli/axis/internal/contract/executor/executor.go:68.14,71.17 3 2
github.com/axis-cli/axis/internal/contract/executor/executor.go:71.17,75.4 1 0
github.com/axis-cli/axis/internal/contract/executor/executor.go:76.3,76.67 1 2
github.com/axis-cli/axis/internal/contract/executor/executor.go:76.67,80.4 1 1
github.com/axis-cli/axis/internal/contract/executor/executor.go:81.3,83.9 1 1
github.com/axis-cli/axis/internal/contract/executor/executor.go:86.2,88.8 1 1
github.com/axis-cli/axis/internal/contract/executor/executor.go:92.93,97.13 4 33
github.com/axis-cli/axis/internal/contract/executor/executor.go:97.13,99.3 1 2
github.com/axis-cli/axis/internal/contract/executor/executor.go:101.2,101.33 1 31
github.com/axis-cli/axis/internal/contract/executor/executor.go:101.33,103.3 1 1
github.com/axis-cli/axis/internal/contract/executor/executor.go:105.2,105.52 1 30
github.com/axis-cli/axis/internal/contract/executor/executor.go:105.52,107.32 2 56
github.com/axis-cli/axis/internal/contract/executor/executor.go:107.32,109.4 1 2
github.com/axis-cli/axis/internal/contract/executor/executor.go:111.3,111.13 1 54
github.com/axis-cli/axis/internal/contract/executor/executor.go:111.13,112.77 1 36
github.com/axis-cli/axis/internal/contract/executor/executor.go:112.77,114.5 1 8
github.com/axis-cli/axis/internal/contract/executor/executor.go:116.4,116.27 1 28
github.com/axis-cli/axis/internal/contract/executor/executor.go:116.27,117.85 1 11
github.com/axis-cli/axis/internal/contract/executor/executor.go:117.85,119.6 1 6
github.com/axis-cli/axis/internal/contract/executor/executor.go:124.2,124.12 1 14
github.com/axis-cli/axis/internal/contract/executor/executor.go:128.95,133.13 4 8
github.com/axis-cli/axis/internal/contract/executor/executor.go:133.13,135.3 1 1
github.com/axis-cli/axis/internal/contract/executor/executor.go:137.2,137.34 1 7
github.com/axis-cli/axis/internal/contract/executor/executor.go:137.34,139.3 1 1
github.com/axis-cli/axis/internal/contract/executor/executor.go:141.2,141.53 1 6
github.com/axis-cli/axis/internal/contract/executor/executor.go:141.53,143.32 2 6
github.com/axis-cli/axis/internal/contract/executor/executor.go:143.32,145.4 1 3
github.com/axis-cli/axis/internal/contract/executor/executor.go:147.3,147.13 1 3
github.com/axis-cli/axis/internal/contract/executor/executor.go:147.13,148.77 1 3
github.com/axis-cli/axis/internal/contract/executor/executor.go:148.77,150.5 1 1
github.com/axis-cli/axis/internal/contract/executor/executor.go:152.4,152.27 1 2
github.com/axis-cli/axis/internal/contract/executor/executor.go:152.27,153.85 1 0
github.com/axis-cli/axis/internal/contract/executor/executor.go:153.85,155.6 1 0
github.com/axis-cli/axis/internal/contract/executor/executor.go:160.2,160.12 1 2
github.com/axis-cli/axis/internal/contract/executor/executor.go:164.115,165.22 1 39
github.com/axis-cli/axis/internal/contract/executor/executor.go:166.29,167.35 1 14
github.com/axis-cli/axis/internal/contract/executor/executor.go:167.35,169.4 1 4
github.com/axis-cli/axis/internal/contract/executor/executor.go:170.26,171.32 1 11
github.com/axis-cli/axis/internal/contract/executor/executor.go:171.32,172.36 1 6
github.com/axis-cli/axis/internal/contract/executor/executor.go:172.36,175.5 1 5
github.com/axis-cli/axis/internal/contract/executor/executor.go:176.4,176.71 1 1
github.com/axis-cli/axis/internal/contract/executor/executor.go:178.28,179.36 1 3
github.com/axis-cli/axis/internal/contract/executor/executor.go:179.36,180.32 1 1
github.com/axis-cli/axis/internal/contract/executor/executor.go:180.32,183.5 1 0
github.com/axis-cli/axis/internal/contract/executor/executor.go:184.4,184.73 1 1
github.com/axis-cli/axis/internal/contract/executor/executor.go:186.27,187.33 1 4
github.com/axis-cli/axis/internal/contract/executor/executor.go:187.33,189.4 1 1
github.com/axis-cli/axis/internal/contract/executor/executor.go:190.28,191.34 1 4
github.com/axis-cli/axis/internal/contract/executor/executor.go:191.34,193.4 1 1
github.com/axis-cli/axis/internal/contract/executor/executor.go:194.29,195.43 1 3
github.com/axis-cli/axis/internal/contract/executor/executor.go:195.43,197.4 1 1
github.com/axis-cli/axis/internal/contract/executor/executor.go:199.2,199.12 1 25
github.com/axis-cli/axis/internal/contract/executor/executor.go:203.122,204.19 1 11
github.com/axis-cli/axis/internal/contract/executor/executor.go:205.29,207.10 2 2
github.com/axis-cli/axis/internal/contract/executor/executor.go:207.10,209.4 1 0
github.com/axis-cli/axis/internal/contract/executor/executor.go:210.3,210.43 1 2
github.com/axis-cli/axis/internal/contract/executor/executor.go:210.43,212.4 1 1
github.com/axis-cli/axis/internal/contract/executor/executor.go:213.26,215.10 2 8
github.com/axis-cli/axis/internal/contract/executor/executor.go:215.10,217.43 1 5
github.com/axis-cli/axis/internal/contract/executor/executor.go:217.43,219.66 1 5
github.com/axis-cli/axis/internal/contract/executor/executor.go:219.66,221.6 1 1
github.com/axis-cli/axis/internal/contract/executor/executor.go:222.5,224.38 2 4
github.com/axis-cli/axis/internal/contract/executor/executor.go:224.38,226.6 1 1
github.com/axis-cli/axis/internal/contract/executor/executor.go:227.10,229.5 1 0
github.com/axis-cli/axis/internal/contract/executor/executor.go:231.3,231.40 1 6
github.com/axis-cli/axis/internal/contract/executor/executor.go:231.40,233.4 1 2
github.com/axis-cli/axis/internal/contract/executor/executor.go:234.10,235.108 1 1
github.com/axis-cli/axis/internal/contract/executor/executor.go:237.2,237.12 1 5
github.com/axis-cli/axis/internal/contract/executor/executor.go:241.84,242.25 1 2
github.com/axis-cli/axis/internal/contract/executor/executor.go:242.25,243.17 1 4
github.com/axis-cli/axis/internal/contract/executor/executor.go:243.17,245.4 1 1
github.com/axis-cli/axis/internal/contract/executor/executor.go:247.2,247.14 1 1
github.com/axis-cli/axis/internal/contract/executor/executor.go:251.78,252.25 1 6
github.com/axis-cli/axis/internal/contract/executor/executor.go:252.25,253.36 1 14
github.com/axis-cli/axis/internal/contract/executor/executor.go:253.36,255.4 1 4
github.com/axis-cli/axis/internal/contract/executor/executor.go:257.2,257.14 1 2
github.com/axis-cli/axis/cmd/axis/main.go:23.13,58.42 7 0
github.com/axis-cli/axis/cmd/axis/main.go:58.42,61.3 2 0
github.com/axis-cli/axis/cmd/axis/main.go:64.55,67.44 2 3
github.com/axis-cli/axis/cmd/axis/main.go:67.44,69.3 1 0
github.com/axis-cli/axis/cmd/axis/main.go:71.2,72.12 2 3
github.com/axis-cli/axis/cmd/axis/main.go:75.61,80.16 4 2
github.com/axis-cli/axis/cmd/axis/main.go:80.16,82.3 1 1
github.com/axis-cli/axis/cmd/axis/main.go:84.2,85.12 2 1
github.com/axis-cli/axis/cmd/axis/main.go:88.65,98.12 6 0
github.com/axis-cli/axis/cmd/axis/main.go:98.12,101.44 3 0
github.com/axis-cli/axis/cmd/axis/main.go:101.44,103.4 1 0
github.com/axis-cli/axis/cmd/axis/main.go:104.3,104.11 1 0
github.com/axis-cli/axis/cmd/axis/main.go:107.2,107.40 1 0
github.com/axis-cli/axis/cmd/axis/main.go:107.40,109.3 1 0
github.com/axis-cli/axis/cmd/axis/main.go:111.2,115.12 3 0
github.com/axis-cli/axis/cmd/axis/main.go:118.56,123.21 4 8
github.com/axis-cli/axis/cmd/axis/main.go:123.21,124.26 1 8
github.com/axis-cli/axis/cmd/axis/main.go:124.26,126.62 2 8
github.com/axis-cli/axis/cmd/axis/main.go:126.62,128.5 1 0
github.com/axis-cli/axis/cmd/axis/main.go:131.2,137.12 5 8
github.com/axis-cli/axis/cmd/axis/main.go:137.12,142.3 4 8
github.com/axis-cli/axis/cmd/axis/main.go:144.2,144.40 1 8
github.com/axis-cli/axis/cmd/axis/main.go:144.40,146.3 1 0
github.com/axis-cli/axis/cmd/axis/main.go:148.2,150.6 3 8
github.com/axis-cli/axis/cmd/axis/main.go:150.6,152.22 2 16
github.com/axis-cli/axis/cmd/axis/main.go:152.22,155.4 2 0
github.com/axis-cli/axis/cmd/axis/main.go:157.3,158.17 2 16
github.com/axis-cli/axis/cmd/axis/main.go:158.17,159.12 1 1
github.com/axis-cli/axis/cmd/axis/main.go:162.3,166.18 4 15
github.com/axis-cli/axis/cmd/axis/main.go:167.15,168.20 1 1
github.com/axis-cli/axis/cmd/axis/main.go:169.14,170.29 1 2
github.com/axis-cli/axis/cmd/axis/main.go:170.29,172.13 2 1
github.com/axis-cli/axis/cmd/axis/main.go:174.4,174.53 1 1
github.com/axis-cli/axis/cmd/axis/main.go:174.53,176.13 2 0
github.com/axis-cli/axis/cmd/axis/main.go:178.4,178.85 1 1
github.com/axis-cli/axis/cmd/axis/main.go:179.17,180.29 1 3
github.com/axis-cli/axis/cmd/axis/main.go:180.29,182.13 2 1
github.com/axis-cli/axis/cmd/axis/main.go:184.4,185.18 2 2
github.com/axis-cli/axis/cmd/axis/main.go:185.18,188.13 3 1
github.com/axis-cli/axis/cmd/axis/main.go:190.4,190.62 1 1
github.com/axis-cli/axis/cmd/axis/main.go:191.23,193.14 2 8
github.com/axis-cli/axis/cmd/axis/main.go:194.11,196.57 2 1
github.com/axis-cli/axis/cmd/axis/main.go:201.25,202.22 1 14
github.com/axis-cli/axis/cmd/axis/main.go:202.22,204.66 2 13
github.com/axis-cli/axis/cmd/axis/main.go:204.66,206.4 1 0
github.com/axis-cli/axis/cmd/axis/main.go:210.38,219.2 2 5
github.com/axis-cli/axis/cmd/axis/main.go:221.23,227.2 5 2
github.com/axis-cli/axis/cmd/axis/main.go:229.45,259.2 1 14
